Using pre-set license
Built from '2020.3/release' branch; Version is '2020.3.1f1 (77a89f25062f) revision 7841951'; Using compiler version '192528614'; Build Type 'Release'
OS: 'Windows 10 Enterprise; OS build 18363.1556; Version 1909; 64bit' Language: 'fr' Physical Memory: 7843 MB
BatchMode: 1, IsHumanControllingUs: 0, StartBugReporterOnCrash: 0, Is64bit: 1, IsPro: 0

 COMMAND LINE ARGUMENTS:
C:\Program Files\Unity\Editor\Unity.exe
-adb2
-batchMode
-noUpm
-name
AssetImportWorker0
-projectPath
C:/Users/zmiloudi/Desktop/Game_project/Projet Brackeys
-logFile
Logs/AssetImportWorker0.log
-srvPort
56461
Successfully changed project path to: C:/Users/zmiloudi/Desktop/Game_project/Projet Brackeys
C:/Users/zmiloudi/Desktop/Game_project/Projet Brackeys
Using Asset Import Pipeline V2.
Refreshing native plugins compatible for Editor in 19.61 ms, found 1 plugins.
Preloading 0 native plugins for Editor in 0.00 ms.
Initialize engine version: 2020.3.1f1 (77a89f25062f)
[Subsystems] Discovering subsystems at path C:/Program Files/Unity/Editor/Data/Resources/UnitySubsystems
[Subsystems] Discovering subsystems at path C:/Users/zmiloudi/Desktop/Game_project/Projet Brackeys/Assets
GfxDevice: creating device client; threaded=0
Direct3D:
    Version:  Direct3D 11.0 [level 11.1]
    Renderer: Intel(R) HD Graphics 630 (ID=0x5912)
    Vendor:   
    VRAM:     3921 MB
    Driver:   25.20.100.6615
Initialize mono
Mono path[0] = 'C:/Program Files/Unity/Editor/Data/Managed'
Mono path[1] = 'C:/Program Files/Unity/Editor/Data/MonoBleedingEdge/lib/mono/unityjit'
Mono config path = 'C:/Program Files/Unity/Editor/Data/MonoBleedingEdge/etc'
Using monoOptions --debugger-agent=transport=dt_socket,embedding=1,server=y,suspend=n,address=127.0.0.1:56760
Begin MonoManager ReloadAssembly
Registering precompiled unity dll's ...
Register platform support module: C:/Program Files/Unity/Editor/Data/PlaybackEngines/WindowsStandaloneSupport/UnityEditor.WindowsStandalone.Extensions.dll
Registered in 0.004962 seconds.
Native extension for WindowsStandalone target not found
Refreshing native plugins compatible for Editor in 7.46 ms, found 1 plugins.
Preloading 0 native plugins for Editor in 0.00 ms.
Invoked RoslynAnalysisRunner static constructor.
RoslynAnalysisRunner will not be running.
RoslynAnalysisRunner has terminated.
Mono: successfully reloaded assembly
- Completed reload, in  2.152 seconds
Platform modules already initialized, skipping
Registering precompiled user dll's ...
Registered in 0.028122 seconds.
Begin MonoManager ReloadAssembly
Native extension for WindowsStandalone target not found
Refreshing native plugins compatible for Editor in 0.24 ms, found 1 plugins.
Preloading 0 native plugins for Editor in 0.00 ms.
Invoked RoslynAnalysisRunner static constructor.
RoslynAnalysisRunner will not be running.
RoslynAnalysisRunner has terminated.
Mono: successfully reloaded assembly
- Completed reload, in  1.345 seconds
Platform modules already initialized, skipping
========================================================================
Worker process is ready to serve import requests
Launched and connected shader compiler UnityShaderCompiler.exe after 0.15 seconds
Refreshing native plugins compatible for Editor in 0.17 ms, found 1 plugins.
Preloading 0 native plugins for Editor in 0.00 ms.
Unloading 403 Unused Serialized files (Serialized files now loaded: 0)
System memory in use before: 36.6 MB.
System memory in use after: 36.6 MB.

Unloading 16 unused Assets to reduce memory usage. Loaded Objects now: 840.
Total: 2.744600 ms (FindLiveObjects: 0.182100 ms CreateObjectMapping: 0.036200 ms MarkObjects: 2.406300 ms  DeleteObjects: 0.109900 ms)

========================================================================
Received Import Request.
  path: Assets/OBJ/coin.prefab
  artifactKey: Guid(6b8db47e2e88e584284b7b4f748be936) Importer(815301076,1909f56bfc062723c751e8b465ee728b)
Start importing Assets/OBJ/coin.prefab using Guid(6b8db47e2e88e584284b7b4f748be936) Importer(815301076,1909f56bfc062723c751e8b465ee728b)  -> (artifact id: 'e369d28e6450bc4a2d330d4c8ced5e88') in 0.140489 seconds
  Import took 0.143531 seconds .

========================================================================
Received Import Request.
  Time since last request: 123.866233 seconds.
  path: Assets/OBJ/star spin v01.max
  artifactKey: Guid(47cf823b910ddc3449576de883b77d88) Importer(815301076,1909f56bfc062723c751e8b465ee728b)
Start importing Assets/OBJ/star spin v01.max using Guid(47cf823b910ddc3449576de883b77d88) Importer(815301076,1909f56bfc062723c751e8b465ee728b)  -> (artifact id: '3d0c574038daab55f143c7577f677abc') in 0.018003 seconds
  Import took 0.020012 seconds .

========================================================================
Received Import Request.
  Time since last request: 0.003413 seconds.
  path: Assets/OBJ/star spin v01.max
  artifactKey: Guid(47cf823b910ddc3449576de883b77d88) Importer(815301076,1909f56bfc062723c751e8b465ee728b)
Start importing Assets/OBJ/star spin v01.max using Guid(47cf823b910ddc3449576de883b77d88) Importer(815301076,1909f56bfc062723c751e8b465ee728b)  -> (artifact id: '3d0c574038daab55f143c7577f677abc') in 0.018952 seconds
  Import took 0.020866 seconds .

========================================================================
Received Import Request.
  Time since last request: 151.147379 seconds.
  path: Assets/OBJ/20facestar.fbx
  artifactKey: Guid(57d400a052011d744a007b8028d6d219) Importer(815301076,1909f56bfc062723c751e8b465ee728b)
Start importing Assets/OBJ/20facestar.fbx using Guid(57d400a052011d744a007b8028d6d219) Importer(815301076,1909f56bfc062723c751e8b465ee728b)  -> (artifact id: '565f694856509b92daa049b16cfef43b') in 0.256283 seconds
  Import took 0.258882 seconds .

========================================================================
Received Import Request.
  Time since last request: 186.620287 seconds.
  path: Assets/OBJ/estrellica.obj
  artifactKey: Guid(1708affcfde7d7c479279d910baae9ec) Importer(815301076,1909f56bfc062723c751e8b465ee728b)
Start importing Assets/OBJ/estrellica.obj using Guid(1708affcfde7d7c479279d910baae9ec) Importer(815301076,1909f56bfc062723c751e8b465ee728b)  -> (artifact id: '0fc55f6092b05314fa58fdf0b8f849c0') in 0.091104 seconds
  Import took 0.092372 seconds .

========================================================================
Received Import Request.
  Time since last request: 110.858169 seconds.
  path: Assets/Materia/New Material 2.mat
  artifactKey: Guid(e4e43e85a69f5f247ae84fe59ebdb833) Importer(815301076,1909f56bfc062723c751e8b465ee728b)
Start importing Assets/Materia/New Material 2.mat using Guid(e4e43e85a69f5f247ae84fe59ebdb833) Importer(815301076,1909f56bfc062723c751e8b465ee728b)  -> (artifact id: '1a2155491d5f0146a6c33d606595bc2a') in 0.055171 seconds
  Import took 0.057969 seconds .

========================================================================
Received Import Request.
  Time since last request: 156.499792 seconds.
  path: Assets/Assets/title1.prefab
  artifactKey: Guid(bc4a8f8226622bd4d9548ff969978165) Importer(815301076,1909f56bfc062723c751e8b465ee728b)
Start importing Assets/Assets/title1.prefab using Guid(bc4a8f8226622bd4d9548ff969978165) Importer(815301076,1909f56bfc062723c751e8b465ee728b)  -> (artifact id: 'f2db036610fa51d324cc416c511998a1') in 0.074536 seconds
  Import took 0.081049 seconds .

========================================================================
Received Import Request.
  Time since last request: 219.779732 seconds.
  path: Assets/OBJ/estrellica.obj
  artifactKey: Guid(1708affcfde7d7c479279d910baae9ec) Importer(815301076,1909f56bfc062723c751e8b465ee728b)
Start importing Assets/OBJ/estrellica.obj using Guid(1708affcfde7d7c479279d910baae9ec) Importer(815301076,1909f56bfc062723c751e8b465ee728b)  -> (artifact id: '1f5e789b709f15bbff40887d52d74905') in 0.048096 seconds
  Import took 0.052971 seconds .

========================================================================
Received Import Request.
  Time since last request: 159.511457 seconds.
  path: Assets/OBJ/estrellica Variant.prefab
  artifactKey: Guid(20cfc0cbed5414a4f9ff96af3156c0f8) Importer(815301076,1909f56bfc062723c751e8b465ee728b)
Start importing Assets/OBJ/estrellica Variant.prefab using Guid(20cfc0cbed5414a4f9ff96af3156c0f8) Importer(815301076,1909f56bfc062723c751e8b465ee728b)  -> (artifact id: '0e0ef582df8024103e6757a114e3fd82') in 0.037273 seconds
  Import took 0.039219 seconds .

========================================================================
Received Import Request.
  Time since last request: 0.003293 seconds.
  path: Assets/OBJ/estrellica Variant.prefab
  artifactKey: Guid(20cfc0cbed5414a4f9ff96af3156c0f8) Importer(815301076,1909f56bfc062723c751e8b465ee728b)
Start importing Assets/OBJ/estrellica Variant.prefab using Guid(20cfc0cbed5414a4f9ff96af3156c0f8) Importer(815301076,1909f56bfc062723c751e8b465ee728b)  -> (artifact id: '0e0ef582df8024103e6757a114e3fd82') in 0.038522 seconds
  Import took 0.039670 seconds .

========================================================================
Received Import Request.
  Time since last request: 25.513490 seconds.
  path: Assets/OBJ/etoile.prefab
  artifactKey: Guid(20cfc0cbed5414a4f9ff96af3156c0f8) Importer(815301076,1909f56bfc062723c751e8b465ee728b)
Start importing Assets/OBJ/etoile.prefab using Guid(20cfc0cbed5414a4f9ff96af3156c0f8) Importer(815301076,1909f56bfc062723c751e8b465ee728b)  -> (artifact id: '74fa1e3bf6ad8ae609dc4f73713db9c6') in 0.042651 seconds
  Import took 0.047681 seconds .

========================================================================
Received Import Request.
  Time since last request: 367.407407 seconds.
  path: Assets/OBJ/taxi (5).prefab
  artifactKey: Guid(5411a466103336e46901aa4f8cbbf205) Importer(815301076,1909f56bfc062723c751e8b465ee728b)
Start importing Assets/OBJ/taxi (5).prefab using Guid(5411a466103336e46901aa4f8cbbf205) Importer(815301076,1909f56bfc062723c751e8b465ee728b)  -> (artifact id: 'fae6d8f336c03ec98cbd4e3fe9772570') in 0.037453 seconds
  Import took 0.039097 seconds .

========================================================================
Received Import Request.
  Time since last request: 10.119252 seconds.
  path: Assets/OBJ/taxi asset.prefab
  artifactKey: Guid(5411a466103336e46901aa4f8cbbf205) Importer(815301076,1909f56bfc062723c751e8b465ee728b)
Start importing Assets/OBJ/taxi asset.prefab using Guid(5411a466103336e46901aa4f8cbbf205) Importer(815301076,1909f56bfc062723c751e8b465ee728b)  -> (artifact id: '5cbbfd1fbb732498b41391211cf91b29') in 0.030145 seconds
  Import took 0.031960 seconds .

========================================================================
Received Import Request.
  Time since last request: 5.687930 seconds.
  path: Assets/Assets/title1.prefab
  artifactKey: Guid(bc4a8f8226622bd4d9548ff969978165) Importer(815301076,1909f56bfc062723c751e8b465ee728b)
Start importing Assets/Assets/title1.prefab using Guid(bc4a8f8226622bd4d9548ff969978165) Importer(815301076,1909f56bfc062723c751e8b465ee728b)  -> (artifact id: '0f877706b634d5c0c21923689d2273ee') in 0.071210 seconds
  Import took 0.077244 seconds .

========================================================================
Received Import Request.
  Time since last request: 4.630952 seconds.
  path: Assets/Assets/title1.prefab
  artifactKey: Guid(bc4a8f8226622bd4d9548ff969978165) Importer(815301076,1909f56bfc062723c751e8b465ee728b)
Start importing Assets/Assets/title1.prefab using Guid(bc4a8f8226622bd4d9548ff969978165) Importer(815301076,1909f56bfc062723c751e8b465ee728b)  -> (artifact id: 'e144542434d8de1f1b2c1303ec1901d9') in 0.091508 seconds
  Import took 0.099003 seconds .

========================================================================
Received Import Request.
  Time since last request: 7.347935 seconds.
  path: Assets/Assets/title1.prefab
  artifactKey: Guid(bc4a8f8226622bd4d9548ff969978165) Importer(815301076,1909f56bfc062723c751e8b465ee728b)
Start importing Assets/Assets/title1.prefab using Guid(bc4a8f8226622bd4d9548ff969978165) Importer(815301076,1909f56bfc062723c751e8b465ee728b)  -> (artifact id: 'bbec69df1f37efa2bc802ed5d383aafd') in 0.094327 seconds
  Import took 0.101511 seconds .

========================================================================
Received Import Request.
  Time since last request: 36.354205 seconds.
  path: Assets/Assets/Diamond (1).prefab
  artifactKey: Guid(bb6db4f1e986e24479518c4acd4ea90e) Importer(815301076,1909f56bfc062723c751e8b465ee728b)
Start importing Assets/Assets/Diamond (1).prefab using Guid(bb6db4f1e986e24479518c4acd4ea90e) Importer(815301076,1909f56bfc062723c751e8b465ee728b)  -> (artifact id: '75fb00259922ac1bc6e52027a84113a5') in 0.041281 seconds
  Import took 0.045778 seconds .

========================================================================
Received Import Request.
  Time since last request: 0.001061 seconds.
  path: Assets/Assets/Diamond (1).prefab
  artifactKey: Guid(bb6db4f1e986e24479518c4acd4ea90e) Importer(815301076,1909f56bfc062723c751e8b465ee728b)
Start importing Assets/Assets/Diamond (1).prefab using Guid(bb6db4f1e986e24479518c4acd4ea90e) Importer(815301076,1909f56bfc062723c751e8b465ee728b)  -> (artifact id: '75fb00259922ac1bc6e52027a84113a5') in 0.036569 seconds
  Import took 0.038333 seconds .

========================================================================
Received Import Request.
  Time since last request: 0.157703 seconds.
  path: Assets/Assets/title1.prefab
  artifactKey: Guid(bc4a8f8226622bd4d9548ff969978165) Importer(815301076,1909f56bfc062723c751e8b465ee728b)
Start importing Assets/Assets/title1.prefab using Guid(bc4a8f8226622bd4d9548ff969978165) Importer(815301076,1909f56bfc062723c751e8b465ee728b)  -> (artifact id: 'f19ed8cb231734b2f55f32940f6e3ed1') in 0.088598 seconds
  Import took 0.096159 seconds .

========================================================================
Received Import Request.
  Time since last request: 12.169277 seconds.
  path: Assets/Assets/title1.prefab
  artifactKey: Guid(bc4a8f8226622bd4d9548ff969978165) Importer(815301076,1909f56bfc062723c751e8b465ee728b)
Start importing Assets/Assets/title1.prefab using Guid(bc4a8f8226622bd4d9548ff969978165) Importer(815301076,1909f56bfc062723c751e8b465ee728b)  -> (artifact id: 'c1abf0576ac80f0463819e5adc02e061') in 0.087445 seconds
  Import took 0.094341 seconds .

========================================================================
Received Import Request.
  Time since last request: 6.995197 seconds.
  path: Assets/Assets/title1.prefab
  artifactKey: Guid(bc4a8f8226622bd4d9548ff969978165) Importer(815301076,1909f56bfc062723c751e8b465ee728b)
Start importing Assets/Assets/title1.prefab using Guid(bc4a8f8226622bd4d9548ff969978165) Importer(815301076,1909f56bfc062723c751e8b465ee728b)  -> (artifact id: '252efd44eddc0c3e9df27e54ebbc5102') in 0.093591 seconds
  Import took 0.098446 seconds .

========================================================================
Received Import Request.
  Time since last request: 3.772242 seconds.
  path: Assets/Assets/title1.prefab
  artifactKey: Guid(bc4a8f8226622bd4d9548ff969978165) Importer(815301076,1909f56bfc062723c751e8b465ee728b)
Start importing Assets/Assets/title1.prefab using Guid(bc4a8f8226622bd4d9548ff969978165) Importer(815301076,1909f56bfc062723c751e8b465ee728b)  -> (artifact id: '4dcf078573a2a2287835e4372addde6b') in 0.092063 seconds
  Import took 0.098691 seconds .

========================================================================
Received Import Request.
  Time since last request: 1.499754 seconds.
  path: Assets/Assets/title1.prefab
  artifactKey: Guid(bc4a8f8226622bd4d9548ff969978165) Importer(815301076,1909f56bfc062723c751e8b465ee728b)
Start importing Assets/Assets/title1.prefab using Guid(bc4a8f8226622bd4d9548ff969978165) Importer(815301076,1909f56bfc062723c751e8b465ee728b)  -> (artifact id: '5ce635f26d2c8b49f8a58ba11c141989') in 0.086450 seconds
  Import took 0.090563 seconds .

========================================================================
Received Import Request.
  Time since last request: 2.944595 seconds.
  path: Assets/Assets/title1.prefab
  artifactKey: Guid(bc4a8f8226622bd4d9548ff969978165) Importer(815301076,1909f56bfc062723c751e8b465ee728b)
Start importing Assets/Assets/title1.prefab using Guid(bc4a8f8226622bd4d9548ff969978165) Importer(815301076,1909f56bfc062723c751e8b465ee728b)  -> (artifact id: '16a96b4372382d0763fa91a1d1af72a1') in 0.083564 seconds
  Import took 0.089443 seconds .

========================================================================
Received Import Request.
  Time since last request: 0.729261 seconds.
  path: Assets/Assets/title1.prefab
  artifactKey: Guid(bc4a8f8226622bd4d9548ff969978165) Importer(815301076,1909f56bfc062723c751e8b465ee728b)
Start importing Assets/Assets/title1.prefab using Guid(bc4a8f8226622bd4d9548ff969978165) Importer(815301076,1909f56bfc062723c751e8b465ee728b)  -> (artifact id: '94fc9350f9495170f56f2135c385ec9e') in 0.087534 seconds
  Import took 0.091355 seconds .

========================================================================
Received Import Request.
  Time since last request: 5.566087 seconds.
  path: Assets/Assets/title1.prefab
  artifactKey: Guid(bc4a8f8226622bd4d9548ff969978165) Importer(815301076,1909f56bfc062723c751e8b465ee728b)
Start importing Assets/Assets/title1.prefab using Guid(bc4a8f8226622bd4d9548ff969978165) Importer(815301076,1909f56bfc062723c751e8b465ee728b)  -> (artifact id: '7dd3dc4be092dc0d10bdf239d38cc6c8') in 0.088753 seconds
  Import took 0.093491 seconds .

========================================================================
Received Import Request.
  Time since last request: 4.337002 seconds.
  path: Assets/Assets/title1.prefab
  artifactKey: Guid(bc4a8f8226622bd4d9548ff969978165) Importer(815301076,1909f56bfc062723c751e8b465ee728b)
Start importing Assets/Assets/title1.prefab using Guid(bc4a8f8226622bd4d9548ff969978165) Importer(815301076,1909f56bfc062723c751e8b465ee728b)  -> (artifact id: '299a66f59300ceb494b49efa07705502') in 0.086263 seconds
  Import took 0.090002 seconds .

========================================================================
Received Import Request.
  Time since last request: 6.621350 seconds.
  path: Assets/Assets/title1.prefab
  artifactKey: Guid(bc4a8f8226622bd4d9548ff969978165) Importer(815301076,1909f56bfc062723c751e8b465ee728b)
Start importing Assets/Assets/title1.prefab using Guid(bc4a8f8226622bd4d9548ff969978165) Importer(815301076,1909f56bfc062723c751e8b465ee728b)  -> (artifact id: '1aba5555d1e64f9eab3f8c218b8b764c') in 0.084367 seconds
  Import took 0.087423 seconds .

========================================================================
Received Import Request.
  Time since last request: 2.951439 seconds.
  path: Assets/Assets/title1.prefab
  artifactKey: Guid(bc4a8f8226622bd4d9548ff969978165) Importer(815301076,1909f56bfc062723c751e8b465ee728b)
Start importing Assets/Assets/title1.prefab using Guid(bc4a8f8226622bd4d9548ff969978165) Importer(815301076,1909f56bfc062723c751e8b465ee728b)  -> (artifact id: 'c4d5bbbe7f8fc3a0a78f57d74a78617e') in 0.098185 seconds
  Import took 0.101355 seconds .

========================================================================
Received Import Request.
  Time since last request: 1.932980 seconds.
  path: Assets/Assets/title1.prefab
  artifactKey: Guid(bc4a8f8226622bd4d9548ff969978165) Importer(815301076,1909f56bfc062723c751e8b465ee728b)
Start importing Assets/Assets/title1.prefab using Guid(bc4a8f8226622bd4d9548ff969978165) Importer(815301076,1909f56bfc062723c751e8b465ee728b)  -> (artifact id: '337960d4f092880f4082ed4bb298a488') in 0.080957 seconds
  Import took 0.087214 seconds .

========================================================================
Received Import Request.
  Time since last request: 2.333793 seconds.
  path: Assets/Assets/title1.prefab
  artifactKey: Guid(bc4a8f8226622bd4d9548ff969978165) Importer(815301076,1909f56bfc062723c751e8b465ee728b)
Start importing Assets/Assets/title1.prefab using Guid(bc4a8f8226622bd4d9548ff969978165) Importer(815301076,1909f56bfc062723c751e8b465ee728b)  -> (artifact id: '5eb427f89e8b3f9f73d1845b8a6b6c0a') in 0.079265 seconds
  Import took 0.085484 seconds .

========================================================================
Received Prepare
Registering precompiled user dll's ...
Registered in 0.033267 seconds.
Begin MonoManager ReloadAssembly
Native extension for WindowsStandalone target not found
Refreshing native plugins compatible for Editor in 0.36 ms, found 1 plugins.
Preloading 0 native plugins for Editor in 0.00 ms.
Invoked RoslynAnalysisRunner static constructor.
RoslynAnalysisRunner will not be running.
RoslynAnalysisRunner has terminated.
Mono: successfully reloaded assembly
- Completed reload, in  1.250 seconds
Platform modules already initialized, skipping
Refreshing native plugins compatible for Editor in 0.25 ms, found 1 plugins.
Preloading 0 native plugins for Editor in 0.00 ms.
Unloading 398 Unused Serialized files (Serialized files now loaded: 0)
System memory in use before: 40.8 MB.
System memory in use after: 40.8 MB.

Unloading 11 unused Assets to reduce memory usage. Loaded Objects now: 884.
Total: 1.533000 ms (FindLiveObjects: 0.079700 ms CreateObjectMapping: 0.015600 ms MarkObjects: 1.414500 ms  DeleteObjects: 0.022200 ms)

========================================================================
Received Import Request.
  Time since last request: 170.468254 seconds.
  path: Assets/Assets/title1.prefab
  artifactKey: Guid(bc4a8f8226622bd4d9548ff969978165) Importer(815301076,1909f56bfc062723c751e8b465ee728b)
Start importing Assets/Assets/title1.prefab using Guid(bc4a8f8226622bd4d9548ff969978165) Importer(815301076,1909f56bfc062723c751e8b465ee728b)  -> (artifact id: '5c30a4194bfc9614b4b17143bd811921') in 0.121083 seconds
  Import took 0.124357 seconds .

========================================================================
Received Import Request.
  Time since last request: 8.602162 seconds.
  path: Assets/Scripte/PlayerCollison.cs
  artifactKey: Guid(1a508e3d99d2a5641aff03c7b6b8f95c) Importer(815301076,1909f56bfc062723c751e8b465ee728b)
Start importing Assets/Scripte/PlayerCollison.cs using Guid(1a508e3d99d2a5641aff03c7b6b8f95c) Importer(815301076,1909f56bfc062723c751e8b465ee728b)  -> (artifact id: '108916485bf77217397c883fdaf90a85') in 0.016192 seconds
  Import took 0.017297 seconds .

========================================================================
Received Prepare
Registering precompiled user dll's ...
Registered in 0.126378 seconds.
Begin MonoManager ReloadAssembly
Native extension for WindowsStandalone target not found
Refreshing native plugins compatible for Editor in 0.28 ms, found 1 plugins.
Preloading 0 native plugins for Editor in 0.00 ms.
Invoked RoslynAnalysisRunner static constructor.
RoslynAnalysisRunner will not be running.
RoslynAnalysisRunner has terminated.
Mono: successfully reloaded assembly
- Completed reload, in  2.217 seconds
Platform modules already initialized, skipping
Refreshing native plugins compatible for Editor in 0.32 ms, found 1 plugins.
Preloading 0 native plugins for Editor in 0.00 ms.
Unloading 398 Unused Serialized files (Serialized files now loaded: 0)
System memory in use before: 40.8 MB.
System memory in use after: 40.8 MB.

Unloading 11 unused Assets to reduce memory usage. Loaded Objects now: 885.
Total: 2.956600 ms (FindLiveObjects: 0.154600 ms CreateObjectMapping: 0.018100 ms MarkObjects: 2.703100 ms  DeleteObjects: 0.073800 ms)

========================================================================
Received Prepare
Registering precompiled user dll's ...
Registered in 0.019588 seconds.
Begin MonoManager ReloadAssembly
Native extension for WindowsStandalone target not found
Refreshing native plugins compatible for Editor in 0.18 ms, found 1 plugins.
Preloading 0 native plugins for Editor in 0.00 ms.
Invoked RoslynAnalysisRunner static constructor.
RoslynAnalysisRunner will not be running.
RoslynAnalysisRunner has terminated.
Mono: successfully reloaded assembly
- Completed reload, in  1.283 seconds
Platform modules already initialized, skipping
Refreshing native plugins compatible for Editor in 0.26 ms, found 1 plugins.
Preloading 0 native plugins for Editor in 0.00 ms.
Unloading 398 Unused Serialized files (Serialized files now loaded: 0)
System memory in use before: 40.8 MB.
System memory in use after: 40.8 MB.

Unloading 10 unused Assets to reduce memory usage. Loaded Objects now: 885.
Total: 4.172800 ms (FindLiveObjects: 0.199000 ms CreateObjectMapping: 0.041600 ms MarkObjects: 3.878400 ms  DeleteObjects: 0.050900 ms)

========================================================================
Received Prepare
Registering precompiled user dll's ...
Registered in 0.032417 seconds.
Begin MonoManager ReloadAssembly
Native extension for WindowsStandalone target not found
Refreshing native plugins compatible for Editor in 0.18 ms, found 1 plugins.
Preloading 0 native plugins for Editor in 0.00 ms.
Invoked RoslynAnalysisRunner static constructor.
RoslynAnalysisRunner will not be running.
RoslynAnalysisRunner has terminated.
Mono: successfully reloaded assembly
- Completed reload, in  1.128 seconds
Platform modules already initialized, skipping
Refreshing native plugins compatible for Editor in 0.26 ms, found 1 plugins.
Preloading 0 native plugins for Editor in 0.00 ms.
Unloading 398 Unused Serialized files (Serialized files now loaded: 0)
System memory in use before: 40.8 MB.
System memory in use after: 40.8 MB.

Unloading 10 unused Assets to reduce memory usage. Loaded Objects now: 885.
Total: 1.448000 ms (FindLiveObjects: 0.077300 ms CreateObjectMapping: 0.013200 ms MarkObjects: 1.340200 ms  DeleteObjects: 0.016100 ms)

========================================================================
Received Import Request.
  Time since last request: 943.459073 seconds.
  path: Assets/Assets/title1.prefab
  artifactKey: Guid(bc4a8f8226622bd4d9548ff969978165) Importer(815301076,1909f56bfc062723c751e8b465ee728b)
Start importing Assets/Assets/title1.prefab using Guid(bc4a8f8226622bd4d9548ff969978165) Importer(815301076,1909f56bfc062723c751e8b465ee728b)  -> (artifact id: 'a96adcc6767b49dd4ca81c1f67f61763') in 0.123928 seconds
  Import took 0.127675 seconds .

========================================================================
Received Prepare
Registering precompiled user dll's ...
Registered in 0.026455 seconds.
Begin MonoManager ReloadAssembly
Native extension for WindowsStandalone target not found
Refreshing native plugins compatible for Editor in 0.19 ms, found 1 plugins.
Preloading 0 native plugins for Editor in 0.00 ms.
Invoked RoslynAnalysisRunner static constructor.
RoslynAnalysisRunner will not be running.
RoslynAnalysisRunner has terminated.
Mono: successfully reloaded assembly
- Completed reload, in  1.136 seconds
Platform modules already initialized, skipping
Refreshing native plugins compatible for Editor in 0.25 ms, found 1 plugins.
Preloading 0 native plugins for Editor in 0.00 ms.
Unloading 398 Unused Serialized files (Serialized files now loaded: 0)
System memory in use before: 41.2 MB.
System memory in use after: 41.2 MB.

Unloading 11 unused Assets to reduce memory usage. Loaded Objects now: 886.
Total: 1.520600 ms (FindLiveObjects: 0.087800 ms CreateObjectMapping: 0.015100 ms MarkObjects: 1.393900 ms  DeleteObjects: 0.022500 ms)

========================================================================
Received Prepare
Registering precompiled user dll's ...
Registered in 0.019398 seconds.
Begin MonoManager ReloadAssembly
Native extension for WindowsStandalone target not found
Refreshing native plugins compatible for Editor in 0.19 ms, found 1 plugins.
Preloading 0 native plugins for Editor in 0.00 ms.
Invoked RoslynAnalysisRunner static constructor.
RoslynAnalysisRunner will not be running.
RoslynAnalysisRunner has terminated.
Mono: successfully reloaded assembly
- Completed reload, in  1.149 seconds
Platform modules already initialized, skipping
Refreshing native plugins compatible for Editor in 0.28 ms, found 1 plugins.
Preloading 0 native plugins for Editor in 0.00 ms.
Unloading 398 Unused Serialized files (Serialized files now loaded: 0)
System memory in use before: 41.2 MB.
System memory in use after: 41.2 MB.

Unloading 10 unused Assets to reduce memory usage. Loaded Objects now: 886.
Total: 1.515400 ms (FindLiveObjects: 0.101000 ms CreateObjectMapping: 0.017800 ms MarkObjects: 1.374700 ms  DeleteObjects: 0.020200 ms)

========================================================================
Received Prepare
Registering precompiled user dll's ...
Registered in 0.020692 seconds.
Begin MonoManager ReloadAssembly
Native extension for WindowsStandalone target not found
Refreshing native plugins compatible for Editor in 0.20 ms, found 1 plugins.
Preloading 0 native plugins for Editor in 0.00 ms.
Invoked RoslynAnalysisRunner static constructor.
RoslynAnalysisRunner will not be running.
RoslynAnalysisRunner has terminated.
Mono: successfully reloaded assembly
- Completed reload, in  1.184 seconds
Platform modules already initialized, skipping
Refreshing native plugins compatible for Editor in 0.29 ms, found 1 plugins.
Preloading 0 native plugins for Editor in 0.00 ms.
Unloading 398 Unused Serialized files (Serialized files now loaded: 0)
System memory in use before: 41.2 MB.
System memory in use after: 41.2 MB.

Unloading 10 unused Assets to reduce memory usage. Loaded Objects now: 886.
Total: 1.648400 ms (FindLiveObjects: 0.089200 ms CreateObjectMapping: 0.015300 ms MarkObjects: 1.526200 ms  DeleteObjects: 0.016700 ms)

========================================================================
Received Prepare
Registering precompiled user dll's ...
Registered in 0.020217 seconds.
Begin MonoManager ReloadAssembly
Native extension for WindowsStandalone target not found
Refreshing native plugins compatible for Editor in 0.18 ms, found 1 plugins.
Preloading 0 native plugins for Editor in 0.00 ms.
Invoked RoslynAnalysisRunner static constructor.
RoslynAnalysisRunner will not be running.
RoslynAnalysisRunner has terminated.
Mono: successfully reloaded assembly
- Completed reload, in  1.135 seconds
Platform modules already initialized, skipping
Refreshing native plugins compatible for Editor in 0.26 ms, found 1 plugins.
Preloading 0 native plugins for Editor in 0.00 ms.
Unloading 398 Unused Serialized files (Serialized files now loaded: 0)
System memory in use before: 41.2 MB.
System memory in use after: 41.2 MB.

Unloading 10 unused Assets to reduce memory usage. Loaded Objects now: 886.
Total: 1.413100 ms (FindLiveObjects: 0.086500 ms CreateObjectMapping: 0.016400 ms MarkObjects: 1.290800 ms  DeleteObjects: 0.018200 ms)

========================================================================
Received Prepare
Registering precompiled user dll's ...
Registered in 0.019705 seconds.
Begin MonoManager ReloadAssembly
Native extension for WindowsStandalone target not found
Refreshing native plugins compatible for Editor in 0.19 ms, found 1 plugins.
Preloading 0 native plugins for Editor in 0.00 ms.
Invoked RoslynAnalysisRunner static constructor.
RoslynAnalysisRunner will not be running.
RoslynAnalysisRunner has terminated.
Mono: successfully reloaded assembly
- Completed reload, in  1.234 seconds
Platform modules already initialized, skipping
Refreshing native plugins compatible for Editor in 0.26 ms, found 1 plugins.
Preloading 0 native plugins for Editor in 0.00 ms.
Unloading 398 Unused Serialized files (Serialized files now loaded: 0)
System memory in use before: 41.2 MB.
System memory in use after: 41.3 MB.

Unloading 10 unused Assets to reduce memory usage. Loaded Objects now: 886.
Total: 1.565200 ms (FindLiveObjects: 0.082900 ms CreateObjectMapping: 0.015800 ms MarkObjects: 1.446700 ms  DeleteObjects: 0.018800 ms)

========================================================================
Received Prepare
Registering precompiled user dll's ...
Registered in 0.021330 seconds.
Begin MonoManager ReloadAssembly
Native extension for WindowsStandalone target not found
Refreshing native plugins compatible for Editor in 0.19 ms, found 1 plugins.
Preloading 0 native plugins for Editor in 0.00 ms.
Invoked RoslynAnalysisRunner static constructor.
RoslynAnalysisRunner will not be running.
RoslynAnalysisRunner has terminated.
Mono: successfully reloaded assembly
- Completed reload, in  1.153 seconds
Platform modules already initialized, skipping
Refreshing native plugins compatible for Editor in 0.18 ms, found 1 plugins.
Preloading 0 native plugins for Editor in 0.00 ms.
Unloading 398 Unused Serialized files (Serialized files now loaded: 0)
System memory in use before: 41.2 MB.
System memory in use after: 41.3 MB.

Unloading 10 unused Assets to reduce memory usage. Loaded Objects now: 886.
Total: 1.609400 ms (FindLiveObjects: 0.086300 ms CreateObjectMapping: 0.015000 ms MarkObjects: 1.468200 ms  DeleteObjects: 0.038700 ms)

========================================================================
Received Import Request.
  Time since last request: 966.910647 seconds.
  path: Assets/Assets
  artifactKey: Guid(77da7526067dc57458b8d65df87af60b) Importer(815301076,1909f56bfc062723c751e8b465ee728b)
Start importing Assets/Assets using Guid(77da7526067dc57458b8d65df87af60b) Importer(815301076,1909f56bfc062723c751e8b465ee728b)  -> (artifact id: '66edfcdad4adfe95e3b848a93705f328') in 0.016646 seconds
  Import took 0.018594 seconds .

========================================================================
Received Import Request.
  Time since last request: 19.479426 seconds.
  path: Assets/Scripte/PanelScripte.cs
  artifactKey: Guid(d4071914733df7b4dbc74c1d36aa4abb) Importer(815301076,1909f56bfc062723c751e8b465ee728b)
Start importing Assets/Scripte/PanelScripte.cs using Guid(d4071914733df7b4dbc74c1d36aa4abb) Importer(815301076,1909f56bfc062723c751e8b465ee728b)  -> (artifact id: '353d3f50546afb2dfbdf8296842bd382') in 0.022377 seconds
  Import took 0.023844 seconds .

========================================================================
Received Prepare
Registering precompiled user dll's ...
Registered in 0.022325 seconds.
Begin MonoManager ReloadAssembly
Native extension for WindowsStandalone target not found
Refreshing native plugins compatible for Editor in 0.18 ms, found 1 plugins.
Preloading 0 native plugins for Editor in 0.00 ms.
Invoked RoslynAnalysisRunner static constructor.
RoslynAnalysisRunner will not be running.
RoslynAnalysisRunner has terminated.
Mono: successfully reloaded assembly
- Completed reload, in  1.076 seconds
Platform modules already initialized, skipping
Refreshing native plugins compatible for Editor in 0.26 ms, found 1 plugins.
Preloading 0 native plugins for Editor in 0.00 ms.
Unloading 399 Unused Serialized files (Serialized files now loaded: 0)
System memory in use before: 41.2 MB.
System memory in use after: 41.3 MB.

Unloading 10 unused Assets to reduce memory usage. Loaded Objects now: 887.
Total: 1.431900 ms (FindLiveObjects: 0.078900 ms CreateObjectMapping: 0.013300 ms MarkObjects: 1.323200 ms  DeleteObjects: 0.015400 ms)

========================================================================
Received Import Request.
  Time since last request: 1460.139259 seconds.
  path: Assets/Scripte/TextScripte.cs
  artifactKey: Guid(6df7f0c30c307ee98b7e109909282ff0) Importer(815301076,1909f56bfc062723c751e8b465ee728b)
Start importing Assets/Scripte/TextScripte.cs using Guid(6df7f0c30c307ee98b7e109909282ff0) Importer(815301076,1909f56bfc062723c751e8b465ee728b)  -> (artifact id: 'c1ccc43c4baacc73a34529536259bbfd') in 0.022066 seconds
  Import took 0.023399 seconds .

========================================================================
Received Prepare
Registering precompiled user dll's ...
Registered in 0.021350 seconds.
Begin MonoManager ReloadAssembly
Native extension for WindowsStandalone target not found
Refreshing native plugins compatible for Editor in 0.19 ms, found 1 plugins.
Preloading 0 native plugins for Editor in 0.00 ms.
Invoked RoslynAnalysisRunner static constructor.
RoslynAnalysisRunner will not be running.
RoslynAnalysisRunner has terminated.
Mono: successfully reloaded assembly
- Completed reload, in  1.141 seconds
Platform modules already initialized, skipping
Refreshing native plugins compatible for Editor in 0.25 ms, found 1 plugins.
Preloading 0 native plugins for Editor in 0.00 ms.
Unloading 399 Unused Serialized files (Serialized files now loaded: 0)
System memory in use before: 41.3 MB.
System memory in use after: 41.3 MB.

Unloading 10 unused Assets to reduce memory usage. Loaded Objects now: 887.
Total: 1.403000 ms (FindLiveObjects: 0.082500 ms CreateObjectMapping: 0.014000 ms MarkObjects: 1.288300 ms  DeleteObjects: 0.017100 ms)

========================================================================
Received Prepare
Registering precompiled user dll's ...
Registered in 0.035647 seconds.
Begin MonoManager ReloadAssembly
Native extension for WindowsStandalone target not found
Refreshing native plugins compatible for Editor in 0.19 ms, found 1 plugins.
Preloading 0 native plugins for Editor in 0.00 ms.
Invoked RoslynAnalysisRunner static constructor.
RoslynAnalysisRunner will not be running.
RoslynAnalysisRunner has terminated.
Mono: successfully reloaded assembly
- Completed reload, in  1.694 seconds
Platform modules already initialized, skipping
Refreshing native plugins compatible for Editor in 0.26 ms, found 1 plugins.
Preloading 0 native plugins for Editor in 0.00 ms.
Unloading 399 Unused Serialized files (Serialized files now loaded: 0)
System memory in use before: 41.3 MB.
System memory in use after: 41.3 MB.

Unloading 10 unused Assets to reduce memory usage. Loaded Objects now: 887.
Total: 1.855200 ms (FindLiveObjects: 0.090100 ms CreateObjectMapping: 0.015600 ms MarkObjects: 1.730600 ms  DeleteObjects: 0.017700 ms)

========================================================================
Received Prepare
Registering precompiled user dll's ...
Registered in 0.018669 seconds.
Begin MonoManager ReloadAssembly
Native extension for WindowsStandalone target not found
Refreshing native plugins compatible for Editor in 0.19 ms, found 1 plugins.
Preloading 0 native plugins for Editor in 0.00 ms.
Invoked RoslynAnalysisRunner static constructor.
RoslynAnalysisRunner will not be running.
RoslynAnalysisRunner has terminated.
Mono: successfully reloaded assembly
- Completed reload, in  1.223 seconds
Platform modules already initialized, skipping
Refreshing native plugins compatible for Editor in 0.27 ms, found 1 plugins.
Preloading 0 native plugins for Editor in 0.00 ms.
Unloading 399 Unused Serialized files (Serialized files now loaded: 0)
System memory in use before: 41.3 MB.
System memory in use after: 41.3 MB.

Unloading 10 unused Assets to reduce memory usage. Loaded Objects now: 887.
Total: 1.889600 ms (FindLiveObjects: 0.087600 ms CreateObjectMapping: 0.015100 ms MarkObjects: 1.764400 ms  DeleteObjects: 0.021100 ms)

========================================================================
Received Prepare
Registering precompiled user dll's ...
Registered in 0.020584 seconds.
Begin MonoManager ReloadAssembly
Native extension for WindowsStandalone target not found
Refreshing native plugins compatible for Editor in 0.19 ms, found 1 plugins.
Preloading 0 native plugins for Editor in 0.00 ms.
Invoked RoslynAnalysisRunner static constructor.
RoslynAnalysisRunner will not be running.
RoslynAnalysisRunner has terminated.
Mono: successfully reloaded assembly
- Completed reload, in  1.237 seconds
Platform modules already initialized, skipping
Refreshing native plugins compatible for Editor in 0.25 ms, found 1 plugins.
Preloading 0 native plugins for Editor in 0.00 ms.
Unloading 399 Unused Serialized files (Serialized files now loaded: 0)
System memory in use before: 41.3 MB.
System memory in use after: 41.3 MB.

Unloading 10 unused Assets to reduce memory usage. Loaded Objects now: 887.
Total: 2.224900 ms (FindLiveObjects: 0.082500 ms CreateObjectMapping: 0.016700 ms MarkObjects: 2.083400 ms  DeleteObjects: 0.041100 ms)

========================================================================
Received Prepare
Registering precompiled user dll's ...
Registered in 0.019587 seconds.
Begin MonoManager ReloadAssembly
Native extension for WindowsStandalone target not found
Refreshing native plugins compatible for Editor in 0.18 ms, found 1 plugins.
Preloading 0 native plugins for Editor in 0.00 ms.
Invoked RoslynAnalysisRunner static constructor.
RoslynAnalysisRunner will not be running.
RoslynAnalysisRunner has terminated.
Mono: successfully reloaded assembly
- Completed reload, in  1.090 seconds
Platform modules already initialized, skipping
Refreshing native plugins compatible for Editor in 0.28 ms, found 1 plugins.
Preloading 0 native plugins for Editor in 0.00 ms.
Unloading 399 Unused Serialized files (Serialized files now loaded: 0)
System memory in use before: 41.3 MB.
System memory in use after: 41.3 MB.

Unloading 10 unused Assets to reduce memory usage. Loaded Objects now: 887.
Total: 1.490500 ms (FindLiveObjects: 0.092900 ms CreateObjectMapping: 0.013500 ms MarkObjects: 1.366400 ms  DeleteObjects: 0.016700 ms)

========================================================================
Received Prepare
Registering precompiled user dll's ...
Registered in 0.019475 seconds.
Begin MonoManager ReloadAssembly
Native extension for WindowsStandalone target not found
Refreshing native plugins compatible for Editor in 0.19 ms, found 1 plugins.
Preloading 0 native plugins for Editor in 0.00 ms.
Invoked RoslynAnalysisRunner static constructor.
RoslynAnalysisRunner will not be running.
RoslynAnalysisRunner has terminated.
Mono: successfully reloaded assembly
- Completed reload, in  1.595 seconds
Platform modules already initialized, skipping
Refreshing native plugins compatible for Editor in 0.18 ms, found 1 plugins.
Preloading 0 native plugins for Editor in 0.00 ms.
Unloading 399 Unused Serialized files (Serialized files now loaded: 0)
System memory in use before: 41.3 MB.
System memory in use after: 41.3 MB.

Unloading 10 unused Assets to reduce memory usage. Loaded Objects now: 887.
Total: 1.383800 ms (FindLiveObjects: 0.104400 ms CreateObjectMapping: 0.014500 ms MarkObjects: 1.249100 ms  DeleteObjects: 0.014800 ms)

========================================================================
Received Prepare
Registering precompiled user dll's ...
Registered in 0.018441 seconds.
Begin MonoManager ReloadAssembly
Native extension for WindowsStandalone target not found
Refreshing native plugins compatible for Editor in 0.22 ms, found 1 plugins.
Preloading 0 native plugins for Editor in 0.00 ms.
Invoked RoslynAnalysisRunner static constructor.
RoslynAnalysisRunner will not be running.
RoslynAnalysisRunner has terminated.
Mono: successfully reloaded assembly
- Completed reload, in  1.149 seconds
Platform modules already initialized, skipping
Refreshing native plugins compatible for Editor in 0.27 ms, found 1 plugins.
Preloading 0 native plugins for Editor in 0.00 ms.
Unloading 399 Unused Serialized files (Serialized files now loaded: 0)
System memory in use before: 41.3 MB.
System memory in use after: 41.3 MB.

Unloading 10 unused Assets to reduce memory usage. Loaded Objects now: 887.
Total: 1.619800 ms (FindLiveObjects: 0.086900 ms CreateObjectMapping: 0.015200 ms MarkObjects: 1.497300 ms  DeleteObjects: 0.018900 ms)

========================================================================
Received Prepare
Registering precompiled user dll's ...
Registered in 0.032584 seconds.
Begin MonoManager ReloadAssembly
Native extension for WindowsStandalone target not found
Refreshing native plugins compatible for Editor in 0.20 ms, found 1 plugins.
Preloading 0 native plugins for Editor in 0.00 ms.
Invoked RoslynAnalysisRunner static constructor.
RoslynAnalysisRunner will not be running.
RoslynAnalysisRunner has terminated.
Mono: successfully reloaded assembly
- Completed reload, in  1.337 seconds
Platform modules already initialized, skipping
Refreshing native plugins compatible for Editor in 0.18 ms, found 1 plugins.
Preloading 0 native plugins for Editor in 0.00 ms.
Unloading 399 Unused Serialized files (Serialized files now loaded: 0)
System memory in use before: 41.3 MB.
System memory in use after: 41.3 MB.

Unloading 10 unused Assets to reduce memory usage. Loaded Objects now: 887.
Total: 1.580700 ms (FindLiveObjects: 0.077700 ms CreateObjectMapping: 0.014700 ms MarkObjects: 1.472000 ms  DeleteObjects: 0.015500 ms)

========================================================================
Received Import Request.
  Time since last request: 742.905494 seconds.
  path: Assets/Assets/title1.prefab
  artifactKey: Guid(bc4a8f8226622bd4d9548ff969978165) Importer(815301076,1909f56bfc062723c751e8b465ee728b)
Start importing Assets/Assets/title1.prefab using Guid(bc4a8f8226622bd4d9548ff969978165) Importer(815301076,1909f56bfc062723c751e8b465ee728b)  -> (artifact id: '77a23fec220c0dd019bd94de010fdfa7') in 0.137270 seconds
  Import took 0.140324 seconds .

========================================================================
Received Import Request.
  Time since last request: 1.618185 seconds.
  path: Assets/Assets/title1.prefab
  artifactKey: Guid(bc4a8f8226622bd4d9548ff969978165) Importer(815301076,1909f56bfc062723c751e8b465ee728b)
Start importing Assets/Assets/title1.prefab using Guid(bc4a8f8226622bd4d9548ff969978165) Importer(815301076,1909f56bfc062723c751e8b465ee728b)  -> (artifact id: '736f4514fef9e1c402bb9004fe096815') in 0.110121 seconds
  Import took 0.116550 seconds .

========================================================================
Received Import Request.
  Time since last request: 2.921410 seconds.
  path: Assets/Assets/title1.prefab
  artifactKey: Guid(bc4a8f8226622bd4d9548ff969978165) Importer(815301076,1909f56bfc062723c751e8b465ee728b)
Start importing Assets/Assets/title1.prefab using Guid(bc4a8f8226622bd4d9548ff969978165) Importer(815301076,1909f56bfc062723c751e8b465ee728b)  -> (artifact id: '47ffab42c462cc1b77ae5b2426ade5ac') in 0.104108 seconds
  Import took 0.108686 seconds .

========================================================================
Received Import Request.
  Time since last request: 2.731378 seconds.
  path: Assets/Assets/title1.prefab
  artifactKey: Guid(bc4a8f8226622bd4d9548ff969978165) Importer(815301076,1909f56bfc062723c751e8b465ee728b)
Start importing Assets/Assets/title1.prefab using Guid(bc4a8f8226622bd4d9548ff969978165) Importer(815301076,1909f56bfc062723c751e8b465ee728b)  -> (artifact id: '9ec14caee1ba62b50246957f591684ae') in 0.099151 seconds
  Import took 0.105275 seconds .

========================================================================
Received Prepare
Registering precompiled user dll's ...
Registered in 0.033114 seconds.
Begin MonoManager ReloadAssembly
Native extension for WindowsStandalone target not found
Refreshing native plugins compatible for Editor in 0.19 ms, found 1 plugins.
Preloading 0 native plugins for Editor in 0.00 ms.
Invoked RoslynAnalysisRunner static constructor.
RoslynAnalysisRunner will not be running.
RoslynAnalysisRunner has terminated.
Mono: successfully reloaded assembly
- Completed reload, in  1.163 seconds
Platform modules already initialized, skipping
Refreshing native plugins compatible for Editor in 0.27 ms, found 1 plugins.
Preloading 0 native plugins for Editor in 0.00 ms.
Unloading 399 Unused Serialized files (Serialized files now loaded: 0)
System memory in use before: 41.3 MB.
System memory in use after: 41.3 MB.

Unloading 11 unused Assets to reduce memory usage. Loaded Objects now: 888.
Total: 1.529600 ms (FindLiveObjects: 0.077700 ms CreateObjectMapping: 0.014800 ms MarkObjects: 1.414400 ms  DeleteObjects: 0.021800 ms)

========================================================================
Received Prepare
Registering precompiled user dll's ...
Registered in 0.018545 seconds.
Begin MonoManager ReloadAssembly
Native extension for WindowsStandalone target not found
Refreshing native plugins compatible for Editor in 0.18 ms, found 1 plugins.
Preloading 0 native plugins for Editor in 0.00 ms.
Invoked RoslynAnalysisRunner static constructor.
RoslynAnalysisRunner will not be running.
RoslynAnalysisRunner has terminated.
Mono: successfully reloaded assembly
- Completed reload, in  1.146 seconds
Platform modules already initialized, skipping
Refreshing native plugins compatible for Editor in 0.30 ms, found 1 plugins.
Preloading 0 native plugins for Editor in 0.00 ms.
Unloading 399 Unused Serialized files (Serialized files now loaded: 0)
System memory in use before: 41.3 MB.
System memory in use after: 41.3 MB.

Unloading 10 unused Assets to reduce memory usage. Loaded Objects now: 888.
Total: 1.417600 ms (FindLiveObjects: 0.083900 ms CreateObjectMapping: 0.014300 ms MarkObjects: 1.300600 ms  DeleteObjects: 0.017600 ms)

========================================================================
Received Prepare
Registering precompiled user dll's ...
Registered in 0.023862 seconds.
Begin MonoManager ReloadAssembly
Native extension for WindowsStandalone target not found
Refreshing native plugins compatible for Editor in 0.18 ms, found 1 plugins.
Preloading 0 native plugins for Editor in 0.00 ms.
Invoked RoslynAnalysisRunner static constructor.
RoslynAnalysisRunner will not be running.
RoslynAnalysisRunner has terminated.
Mono: successfully reloaded assembly
- Completed reload, in  1.759 seconds
Platform modules already initialized, skipping
Refreshing native plugins compatible for Editor in 0.28 ms, found 1 plugins.
Preloading 0 native plugins for Editor in 0.00 ms.
Unloading 399 Unused Serialized files (Serialized files now loaded: 0)
System memory in use before: 41.3 MB.
System memory in use after: 41.3 MB.

Unloading 10 unused Assets to reduce memory usage. Loaded Objects now: 888.
Total: 2.697200 ms (FindLiveObjects: 0.086800 ms CreateObjectMapping: 0.017100 ms MarkObjects: 2.573200 ms  DeleteObjects: 0.018700 ms)

========================================================================
Received Prepare
Registering precompiled user dll's ...
Registered in 0.021403 seconds.
Begin MonoManager ReloadAssembly
Native extension for WindowsStandalone target not found
Refreshing native plugins compatible for Editor in 0.18 ms, found 1 plugins.
Preloading 0 native plugins for Editor in 0.00 ms.
Invoked RoslynAnalysisRunner static constructor.
RoslynAnalysisRunner will not be running.
RoslynAnalysisRunner has terminated.
Mono: successfully reloaded assembly
- Completed reload, in  1.803 seconds
Platform modules already initialized, skipping
Refreshing native plugins compatible for Editor in 0.19 ms, found 1 plugins.
Preloading 0 native plugins for Editor in 0.00 ms.
Unloading 399 Unused Serialized files (Serialized files now loaded: 0)
System memory in use before: 41.3 MB.
System memory in use after: 41.4 MB.

Unloading 10 unused Assets to reduce memory usage. Loaded Objects now: 888.
Total: 2.659800 ms (FindLiveObjects: 0.092300 ms CreateObjectMapping: 0.016800 ms MarkObjects: 2.532900 ms  DeleteObjects: 0.016600 ms)

========================================================================
Received Prepare
Registering precompiled user dll's ...
Registered in 0.050888 seconds.
Begin MonoManager ReloadAssembly
Native extension for WindowsStandalone target not found
Refreshing native plugins compatible for Editor in 0.37 ms, found 1 plugins.
Preloading 0 native plugins for Editor in 0.00 ms.
Invoked RoslynAnalysisRunner static constructor.
RoslynAnalysisRunner will not be running.
RoslynAnalysisRunner has terminated.
Mono: successfully reloaded assembly
- Completed reload, in  4.214 seconds
Platform modules already initialized, skipping
Refreshing native plugins compatible for Editor in 0.36 ms, found 1 plugins.
Preloading 0 native plugins for Editor in 0.00 ms.
Unloading 399 Unused Serialized files (Serialized files now loaded: 0)
System memory in use before: 41.3 MB.
System memory in use after: 41.3 MB.

Unloading 10 unused Assets to reduce memory usage. Loaded Objects now: 888.
Total: 2.875100 ms (FindLiveObjects: 0.083300 ms CreateObjectMapping: 0.015200 ms MarkObjects: 2.745400 ms  DeleteObjects: 0.028900 ms)

========================================================================
Received Prepare
Registering precompiled user dll's ...
Registered in 0.022730 seconds.
Begin MonoManager ReloadAssembly
Native extension for WindowsStandalone target not found
Refreshing native plugins compatible for Editor in 0.19 ms, found 1 plugins.
Preloading 0 native plugins for Editor in 0.00 ms.
Invoked RoslynAnalysisRunner static constructor.
RoslynAnalysisRunner will not be running.
RoslynAnalysisRunner has terminated.
Mono: successfully reloaded assembly
- Completed reload, in  2.254 seconds
Platform modules already initialized, skipping
Refreshing native plugins compatible for Editor in 0.55 ms, found 1 plugins.
Preloading 0 native plugins for Editor in 0.00 ms.
Unloading 399 Unused Serialized files (Serialized files now loaded: 0)
System memory in use before: 41.3 MB.
System memory in use after: 41.3 MB.

Unloading 10 unused Assets to reduce memory usage. Loaded Objects now: 888.
Total: 2.949400 ms (FindLiveObjects: 0.092900 ms CreateObjectMapping: 0.014100 ms MarkObjects: 2.813500 ms  DeleteObjects: 0.026600 ms)

========================================================================
Received Prepare
Registering precompiled user dll's ...
Registered in 0.022954 seconds.
Begin MonoManager ReloadAssembly
Native extension for WindowsStandalone target not found
Refreshing native plugins compatible for Editor in 0.18 ms, found 1 plugins.
Preloading 0 native plugins for Editor in 0.00 ms.
Invoked RoslynAnalysisRunner static constructor.
RoslynAnalysisRunner will not be running.
RoslynAnalysisRunner has terminated.
Mono: successfully reloaded assembly
- Completed reload, in  1.122 seconds
Platform modules already initialized, skipping
Refreshing native plugins compatible for Editor in 0.25 ms, found 1 plugins.
Preloading 0 native plugins for Editor in 0.00 ms.
Unloading 399 Unused Serialized files (Serialized files now loaded: 0)
System memory in use before: 41.3 MB.
System memory in use after: 41.3 MB.

Unloading 10 unused Assets to reduce memory usage. Loaded Objects now: 888.
Total: 1.599800 ms (FindLiveObjects: 0.078000 ms CreateObjectMapping: 0.013200 ms MarkObjects: 1.492000 ms  DeleteObjects: 0.015700 ms)

========================================================================
Received Prepare
Registering precompiled user dll's ...
Registered in 0.019963 seconds.
Begin MonoManager ReloadAssembly
Native extension for WindowsStandalone target not found
Refreshing native plugins compatible for Editor in 0.19 ms, found 1 plugins.
Preloading 0 native plugins for Editor in 0.00 ms.
Invoked RoslynAnalysisRunner static constructor.
RoslynAnalysisRunner will not be running.
RoslynAnalysisRunner has terminated.
Mono: successfully reloaded assembly
- Completed reload, in  1.171 seconds
Platform modules already initialized, skipping
Refreshing native plugins compatible for Editor in 0.25 ms, found 1 plugins.
Preloading 0 native plugins for Editor in 0.00 ms.
Unloading 399 Unused Serialized files (Serialized files now loaded: 0)
System memory in use before: 41.3 MB.
System memory in use after: 41.3 MB.

Unloading 10 unused Assets to reduce memory usage. Loaded Objects now: 888.
Total: 1.506500 ms (FindLiveObjects: 0.076700 ms CreateObjectMapping: 0.013900 ms MarkObjects: 1.399800 ms  DeleteObjects: 0.015100 ms)

========================================================================
Received Prepare
Registering precompiled user dll's ...
Registered in 0.028397 seconds.
Begin MonoManager ReloadAssembly
Native extension for WindowsStandalone target not found
Refreshing native plugins compatible for Editor in 0.21 ms, found 1 plugins.
Preloading 0 native plugins for Editor in 0.00 ms.
Invoked RoslynAnalysisRunner static constructor.
RoslynAnalysisRunner will not be running.
RoslynAnalysisRunner has terminated.
Mono: successfully reloaded assembly
- Completed reload, in  1.113 seconds
Platform modules already initialized, skipping
Refreshing native plugins compatible for Editor in 0.26 ms, found 1 plugins.
Preloading 0 native plugins for Editor in 0.00 ms.
Unloading 399 Unused Serialized files (Serialized files now loaded: 0)
System memory in use before: 41.3 MB.
System memory in use after: 41.3 MB.

Unloading 10 unused Assets to reduce memory usage. Loaded Objects now: 888.
Total: 1.602700 ms (FindLiveObjects: 0.099400 ms CreateObjectMapping: 0.032700 ms MarkObjects: 1.446600 ms  DeleteObjects: 0.022600 ms)

========================================================================
Received Prepare
Registering precompiled user dll's ...
Registered in 0.020078 seconds.
Begin MonoManager ReloadAssembly
Native extension for WindowsStandalone target not found
Refreshing native plugins compatible for Editor in 0.19 ms, found 1 plugins.
Preloading 0 native plugins for Editor in 0.00 ms.
Invoked RoslynAnalysisRunner static constructor.
RoslynAnalysisRunner will not be running.
RoslynAnalysisRunner has terminated.
Mono: successfully reloaded assembly
- Completed reload, in  1.332 seconds
Platform modules already initialized, skipping
Refreshing native plugins compatible for Editor in 0.25 ms, found 1 plugins.
Preloading 0 native plugins for Editor in 0.00 ms.
Unloading 399 Unused Serialized files (Serialized files now loaded: 0)
System memory in use before: 41.3 MB.
System memory in use after: 41.4 MB.

Unloading 10 unused Assets to reduce memory usage. Loaded Objects now: 888.
Total: 1.534300 ms (FindLiveObjects: 0.086000 ms CreateObjectMapping: 0.016000 ms MarkObjects: 1.414000 ms  DeleteObjects: 0.017200 ms)

========================================================================
Received Prepare
Registering precompiled user dll's ...
Registered in 0.020678 seconds.
Begin MonoManager ReloadAssembly
Native extension for WindowsStandalone target not found
Refreshing native plugins compatible for Editor in 0.18 ms, found 1 plugins.
Preloading 0 native plugins for Editor in 0.00 ms.
Invoked RoslynAnalysisRunner static constructor.
RoslynAnalysisRunner will not be running.
RoslynAnalysisRunner has terminated.
Mono: successfully reloaded assembly
- Completed reload, in  1.654 seconds
Platform modules already initialized, skipping
Refreshing native plugins compatible for Editor in 0.26 ms, found 1 plugins.
Preloading 0 native plugins for Editor in 0.00 ms.
Unloading 399 Unused Serialized files (Serialized files now loaded: 0)
System memory in use before: 41.3 MB.
System memory in use after: 41.4 MB.

Unloading 10 unused Assets to reduce memory usage. Loaded Objects now: 888.
Total: 2.935300 ms (FindLiveObjects: 0.169400 ms CreateObjectMapping: 0.038000 ms MarkObjects: 2.711000 ms  DeleteObjects: 0.015000 ms)

========================================================================
Received Prepare
Registering precompiled user dll's ...
Registered in 0.019786 seconds.
Begin MonoManager ReloadAssembly
Native extension for WindowsStandalone target not found
Refreshing native plugins compatible for Editor in 0.19 ms, found 1 plugins.
Preloading 0 native plugins for Editor in 0.00 ms.
Invoked RoslynAnalysisRunner static constructor.
RoslynAnalysisRunner will not be running.
RoslynAnalysisRunner has terminated.
Mono: successfully reloaded assembly
- Completed reload, in  1.056 seconds
Platform modules already initialized, skipping
Refreshing native plugins compatible for Editor in 0.18 ms, found 1 plugins.
Preloading 0 native plugins for Editor in 0.00 ms.
Unloading 399 Unused Serialized files (Serialized files now loaded: 0)
System memory in use before: 41.3 MB.
System memory in use after: 41.4 MB.

Unloading 10 unused Assets to reduce memory usage. Loaded Objects now: 888.
Total: 3.000600 ms (FindLiveObjects: 0.091700 ms CreateObjectMapping: 0.014900 ms MarkObjects: 2.871600 ms  DeleteObjects: 0.020900 ms)

========================================================================
Received Prepare
Registering precompiled user dll's ...
Registered in 0.019931 seconds.
Begin MonoManager ReloadAssembly
Native extension for WindowsStandalone target not found
Refreshing native plugins compatible for Editor in 0.18 ms, found 1 plugins.
Preloading 0 native plugins for Editor in 0.00 ms.
Invoked RoslynAnalysisRunner static constructor.
RoslynAnalysisRunner will not be running.
RoslynAnalysisRunner has terminated.
Mono: successfully reloaded assembly
- Completed reload, in  1.088 seconds
Platform modules already initialized, skipping
Refreshing native plugins compatible for Editor in 0.25 ms, found 1 plugins.
Preloading 0 native plugins for Editor in 0.00 ms.
Unloading 399 Unused Serialized files (Serialized files now loaded: 0)
System memory in use before: 41.3 MB.
System memory in use after: 41.4 MB.

Unloading 10 unused Assets to reduce memory usage. Loaded Objects now: 888.
Total: 1.627700 ms (FindLiveObjects: 0.078700 ms CreateObjectMapping: 0.014900 ms MarkObjects: 1.519200 ms  DeleteObjects: 0.014000 ms)

========================================================================
Received Prepare
Registering precompiled user dll's ...
Registered in 0.022127 seconds.
Begin MonoManager ReloadAssembly
Native extension for WindowsStandalone target not found
Refreshing native plugins compatible for Editor in 0.19 ms, found 1 plugins.
Preloading 0 native plugins for Editor in 0.00 ms.
Invoked RoslynAnalysisRunner static constructor.
RoslynAnalysisRunner will not be running.
RoslynAnalysisRunner has terminated.
Mono: successfully reloaded assembly
- Completed reload, in  1.291 seconds
Platform modules already initialized, skipping
Refreshing native plugins compatible for Editor in 0.19 ms, found 1 plugins.
Preloading 0 native plugins for Editor in 0.00 ms.
Unloading 399 Unused Serialized files (Serialized files now loaded: 0)
System memory in use before: 41.3 MB.
System memory in use after: 41.3 MB.

Unloading 10 unused Assets to reduce memory usage. Loaded Objects now: 888.
Total: 1.942900 ms (FindLiveObjects: 0.073500 ms CreateObjectMapping: 0.015100 ms MarkObjects: 1.835300 ms  DeleteObjects: 0.018000 ms)

========================================================================
Received Prepare
Registering precompiled user dll's ...
Registered in 0.021967 seconds.
Begin MonoManager ReloadAssembly
Native extension for WindowsStandalone target not found
Refreshing native plugins compatible for Editor in 0.20 ms, found 1 plugins.
Preloading 0 native plugins for Editor in 0.00 ms.
Invoked RoslynAnalysisRunner static constructor.
RoslynAnalysisRunner will not be running.
RoslynAnalysisRunner has terminated.
Mono: successfully reloaded assembly
- Completed reload, in  1.127 seconds
Platform modules already initialized, skipping
Refreshing native plugins compatible for Editor in 0.25 ms, found 1 plugins.
Preloading 0 native plugins for Editor in 0.00 ms.
Unloading 399 Unused Serialized files (Serialized files now loaded: 0)
System memory in use before: 41.3 MB.
System memory in use after: 41.3 MB.

Unloading 10 unused Assets to reduce memory usage. Loaded Objects now: 888.
Total: 1.332400 ms (FindLiveObjects: 0.076700 ms CreateObjectMapping: 0.013400 ms MarkObjects: 1.212500 ms  DeleteObjects: 0.028800 ms)

========================================================================
Received Prepare
Registering precompiled user dll's ...
Registered in 0.021349 seconds.
Begin MonoManager ReloadAssembly
Native extension for WindowsStandalone target not found
Refreshing native plugins compatible for Editor in 0.19 ms, found 1 plugins.
Preloading 0 native plugins for Editor in 0.00 ms.
Invoked RoslynAnalysisRunner static constructor.
RoslynAnalysisRunner will not be running.
RoslynAnalysisRunner has terminated.
Mono: successfully reloaded assembly
- Completed reload, in  1.213 seconds
Platform modules already initialized, skipping
Refreshing native plugins compatible for Editor in 0.18 ms, found 1 plugins.
Preloading 0 native plugins for Editor in 0.00 ms.
Unloading 399 Unused Serialized files (Serialized files now loaded: 0)
System memory in use before: 41.3 MB.
System memory in use after: 41.3 MB.

Unloading 10 unused Assets to reduce memory usage. Loaded Objects now: 888.
Total: 1.344000 ms (FindLiveObjects: 0.078200 ms CreateObjectMapping: 0.013500 ms MarkObjects: 1.234700 ms  DeleteObjects: 0.016100 ms)

========================================================================
Received Prepare
Registering precompiled user dll's ...
Registered in 0.021493 seconds.
Begin MonoManager ReloadAssembly
Native extension for WindowsStandalone target not found
Refreshing native plugins compatible for Editor in 0.18 ms, found 1 plugins.
Preloading 0 native plugins for Editor in 0.00 ms.
Invoked RoslynAnalysisRunner static constructor.
RoslynAnalysisRunner will not be running.
RoslynAnalysisRunner has terminated.
Mono: successfully reloaded assembly
- Completed reload, in  1.255 seconds
Platform modules already initialized, skipping
Refreshing native plugins compatible for Editor in 0.26 ms, found 1 plugins.
Preloading 0 native plugins for Editor in 0.00 ms.
Unloading 399 Unused Serialized files (Serialized files now loaded: 0)
System memory in use before: 41.3 MB.
System memory in use after: 41.4 MB.

Unloading 10 unused Assets to reduce memory usage. Loaded Objects now: 888.
Total: 1.348700 ms (FindLiveObjects: 0.083700 ms CreateObjectMapping: 0.015200 ms MarkObjects: 1.231800 ms  DeleteObjects: 0.016900 ms)

========================================================================
Received Prepare
Registering precompiled user dll's ...
Registered in 0.020240 seconds.
Begin MonoManager ReloadAssembly
Native extension for WindowsStandalone target not found
Refreshing native plugins compatible for Editor in 0.18 ms, found 1 plugins.
Preloading 0 native plugins for Editor in 0.00 ms.
Invoked RoslynAnalysisRunner static constructor.
RoslynAnalysisRunner will not be running.
RoslynAnalysisRunner has terminated.
Mono: successfully reloaded assembly
- Completed reload, in  1.121 seconds
Platform modules already initialized, skipping
Refreshing native plugins compatible for Editor in 0.25 ms, found 1 plugins.
Preloading 0 native plugins for Editor in 0.00 ms.
Unloading 399 Unused Serialized files (Serialized files now loaded: 0)
System memory in use before: 41.3 MB.
System memory in use after: 41.4 MB.

Unloading 10 unused Assets to reduce memory usage. Loaded Objects now: 888.
Total: 1.898700 ms (FindLiveObjects: 0.085000 ms CreateObjectMapping: 0.015000 ms MarkObjects: 1.780000 ms  DeleteObjects: 0.017300 ms)

========================================================================
Received Prepare
Registering precompiled user dll's ...
Registered in 0.022925 seconds.
Begin MonoManager ReloadAssembly
Native extension for WindowsStandalone target not found
Refreshing native plugins compatible for Editor in 0.20 ms, found 1 plugins.
Preloading 0 native plugins for Editor in 0.00 ms.
Invoked RoslynAnalysisRunner static constructor.
RoslynAnalysisRunner will not be running.
RoslynAnalysisRunner has terminated.
Mono: successfully reloaded assembly
- Completed reload, in  1.139 seconds
Platform modules already initialized, skipping
Refreshing native plugins compatible for Editor in 0.26 ms, found 1 plugins.
Preloading 0 native plugins for Editor in 0.00 ms.
Unloading 399 Unused Serialized files (Serialized files now loaded: 0)
System memory in use before: 41.3 MB.
System memory in use after: 41.4 MB.

Unloading 10 unused Assets to reduce memory usage. Loaded Objects now: 888.
Total: 1.569100 ms (FindLiveObjects: 0.079000 ms CreateObjectMapping: 0.013400 ms MarkObjects: 1.459700 ms  DeleteObjects: 0.015900 ms)

========================================================================
Received Prepare
Registering precompiled user dll's ...
Registered in 0.021221 seconds.
Begin MonoManager ReloadAssembly
Native extension for WindowsStandalone target not found
Refreshing native plugins compatible for Editor in 0.19 ms, found 1 plugins.
Preloading 0 native plugins for Editor in 0.00 ms.
Invoked RoslynAnalysisRunner static constructor.
RoslynAnalysisRunner will not be running.
RoslynAnalysisRunner has terminated.
Mono: successfully reloaded assembly
- Completed reload, in  1.095 seconds
Platform modules already initialized, skipping
Refreshing native plugins compatible for Editor in 0.26 ms, found 1 plugins.
Preloading 0 native plugins for Editor in 0.00 ms.
Unloading 399 Unused Serialized files (Serialized files now loaded: 0)
System memory in use before: 41.3 MB.
System memory in use after: 41.4 MB.

Unloading 10 unused Assets to reduce memory usage. Loaded Objects now: 888.
Total: 2.435400 ms (FindLiveObjects: 0.090000 ms CreateObjectMapping: 0.015400 ms MarkObjects: 2.252100 ms  DeleteObjects: 0.076700 ms)

========================================================================
Received Prepare
Registering precompiled user dll's ...
Registered in 0.024236 seconds.
Begin MonoManager ReloadAssembly
Native extension for WindowsStandalone target not found
Refreshing native plugins compatible for Editor in 0.18 ms, found 1 plugins.
Preloading 0 native plugins for Editor in 0.00 ms.
Invoked RoslynAnalysisRunner static constructor.
RoslynAnalysisRunner will not be running.
RoslynAnalysisRunner has terminated.
Mono: successfully reloaded assembly
- Completed reload, in  1.112 seconds
Platform modules already initialized, skipping
Refreshing native plugins compatible for Editor in 0.26 ms, found 1 plugins.
Preloading 0 native plugins for Editor in 0.00 ms.
Unloading 399 Unused Serialized files (Serialized files now loaded: 0)
System memory in use before: 41.3 MB.
System memory in use after: 41.4 MB.

Unloading 10 unused Assets to reduce memory usage. Loaded Objects now: 888.
Total: 1.726400 ms (FindLiveObjects: 0.075600 ms CreateObjectMapping: 0.013300 ms MarkObjects: 1.620200 ms  DeleteObjects: 0.016100 ms)

========================================================================
Received Prepare
Registering precompiled user dll's ...
Registered in 0.021254 seconds.
Begin MonoManager ReloadAssembly
Native extension for WindowsStandalone target not found
Refreshing native plugins compatible for Editor in 0.19 ms, found 1 plugins.
Preloading 0 native plugins for Editor in 0.00 ms.
Invoked RoslynAnalysisRunner static constructor.
RoslynAnalysisRunner will not be running.
RoslynAnalysisRunner has terminated.
Mono: successfully reloaded assembly
- Completed reload, in  1.301 seconds
Platform modules already initialized, skipping
Refreshing native plugins compatible for Editor in 0.26 ms, found 1 plugins.
Preloading 0 native plugins for Editor in 0.00 ms.
Unloading 399 Unused Serialized files (Serialized files now loaded: 0)
System memory in use before: 41.3 MB.
System memory in use after: 41.4 MB.

Unloading 10 unused Assets to reduce memory usage. Loaded Objects now: 888.
Total: 1.785200 ms (FindLiveObjects: 0.078800 ms CreateObjectMapping: 0.015400 ms MarkObjects: 1.674000 ms  DeleteObjects: 0.016000 ms)

========================================================================
Received Prepare
Registering precompiled user dll's ...
Registered in 0.046972 seconds.
Begin MonoManager ReloadAssembly
Native extension for WindowsStandalone target not found
Refreshing native plugins compatible for Editor in 0.19 ms, found 1 plugins.
Preloading 0 native plugins for Editor in 0.00 ms.
Invoked RoslynAnalysisRunner static constructor.
RoslynAnalysisRunner will not be running.
RoslynAnalysisRunner has terminated.
Mono: successfully reloaded assembly
- Completed reload, in  1.145 seconds
Platform modules already initialized, skipping
Refreshing native plugins compatible for Editor in 0.25 ms, found 1 plugins.
Preloading 0 native plugins for Editor in 0.00 ms.
Unloading 399 Unused Serialized files (Serialized files now loaded: 0)
System memory in use before: 41.4 MB.
System memory in use after: 41.4 MB.

Unloading 10 unused Assets to reduce memory usage. Loaded Objects now: 888.
Total: 1.518400 ms (FindLiveObjects: 0.104100 ms CreateObjectMapping: 0.016400 ms MarkObjects: 1.378600 ms  DeleteObjects: 0.018300 ms)

========================================================================
Received Prepare
Registering precompiled user dll's ...
Registered in 0.029503 seconds.
Begin MonoManager ReloadAssembly
Native extension for WindowsStandalone target not found
Refreshing native plugins compatible for Editor in 0.48 ms, found 1 plugins.
Preloading 0 native plugins for Editor in 0.00 ms.
Invoked RoslynAnalysisRunner static constructor.
RoslynAnalysisRunner will not be running.
RoslynAnalysisRunner has terminated.
Mono: successfully reloaded assembly
- Completed reload, in  2.022 seconds
Platform modules already initialized, skipping
Refreshing native plugins compatible for Editor in 0.19 ms, found 1 plugins.
Preloading 0 native plugins for Editor in 0.00 ms.
Unloading 399 Unused Serialized files (Serialized files now loaded: 0)
System memory in use before: 41.4 MB.
System memory in use after: 41.4 MB.

Unloading 10 unused Assets to reduce memory usage. Loaded Objects now: 888.
Total: 1.700000 ms (FindLiveObjects: 0.182000 ms CreateObjectMapping: 0.019100 ms MarkObjects: 1.478700 ms  DeleteObjects: 0.018700 ms)

========================================================================
Received Prepare
Registering precompiled user dll's ...
Registered in 0.024945 seconds.
Begin MonoManager ReloadAssembly
Native extension for WindowsStandalone target not found
Refreshing native plugins compatible for Editor in 0.18 ms, found 1 plugins.
Preloading 0 native plugins for Editor in 0.00 ms.
Invoked RoslynAnalysisRunner static constructor.
RoslynAnalysisRunner will not be running.
RoslynAnalysisRunner has terminated.
Mono: successfully reloaded assembly
- Completed reload, in  1.113 seconds
Platform modules already initialized, skipping
Refreshing native plugins compatible for Editor in 0.28 ms, found 1 plugins.
Preloading 0 native plugins for Editor in 0.00 ms.
Unloading 399 Unused Serialized files (Serialized files now loaded: 0)
System memory in use before: 41.4 MB.
System memory in use after: 41.4 MB.

Unloading 10 unused Assets to reduce memory usage. Loaded Objects now: 888.
Total: 1.609200 ms (FindLiveObjects: 0.093000 ms CreateObjectMapping: 0.015500 ms MarkObjects: 1.479300 ms  DeleteObjects: 0.019800 ms)

========================================================================
Received Prepare
Registering precompiled user dll's ...
Registered in 0.019980 seconds.
Begin MonoManager ReloadAssembly
Native extension for WindowsStandalone target not found
Refreshing native plugins compatible for Editor in 0.18 ms, found 1 plugins.
Preloading 0 native plugins for Editor in 0.00 ms.
Invoked RoslynAnalysisRunner static constructor.
RoslynAnalysisRunner will not be running.
RoslynAnalysisRunner has terminated.
Mono: successfully reloaded assembly
- Completed reload, in  1.275 seconds
Platform modules already initialized, skipping
Refreshing native plugins compatible for Editor in 0.27 ms, found 1 plugins.
Preloading 0 native plugins for Editor in 0.00 ms.
Unloading 399 Unused Serialized files (Serialized files now loaded: 0)
System memory in use before: 41.4 MB.
System memory in use after: 41.4 MB.

Unloading 10 unused Assets to reduce memory usage. Loaded Objects now: 888.
Total: 1.777200 ms (FindLiveObjects: 0.077800 ms CreateObjectMapping: 0.014100 ms MarkObjects: 1.667900 ms  DeleteObjects: 0.016100 ms)

========================================================================
Received Prepare
Registering precompiled user dll's ...
Registered in 0.051507 seconds.
Begin MonoManager ReloadAssembly
Native extension for WindowsStandalone target not found
Refreshing native plugins compatible for Editor in 0.20 ms, found 1 plugins.
Preloading 0 native plugins for Editor in 0.00 ms.
Invoked RoslynAnalysisRunner static constructor.
RoslynAnalysisRunner will not be running.
RoslynAnalysisRunner has terminated.
Mono: successfully reloaded assembly
- Completed reload, in  1.383 seconds
Platform modules already initialized, skipping
Refreshing native plugins compatible for Editor in 0.20 ms, found 1 plugins.
Preloading 0 native plugins for Editor in 0.00 ms.
Unloading 399 Unused Serialized files (Serialized files now loaded: 0)
System memory in use before: 41.4 MB.
System memory in use after: 41.4 MB.

Unloading 10 unused Assets to reduce memory usage. Loaded Objects now: 888.
Total: 1.580400 ms (FindLiveObjects: 0.093700 ms CreateObjectMapping: 0.015900 ms MarkObjects: 1.450200 ms  DeleteObjects: 0.019100 ms)

========================================================================
Received Prepare
Registering precompiled user dll's ...
Registered in 0.016547 seconds.
Begin MonoManager ReloadAssembly
Native extension for WindowsStandalone target not found
Refreshing native plugins compatible for Editor in 0.18 ms, found 1 plugins.
Preloading 0 native plugins for Editor in 0.00 ms.
Invoked RoslynAnalysisRunner static constructor.
RoslynAnalysisRunner will not be running.
RoslynAnalysisRunner has terminated.
Mono: successfully reloaded assembly
- Completed reload, in  1.085 seconds
Platform modules already initialized, skipping
Refreshing native plugins compatible for Editor in 0.25 ms, found 1 plugins.
Preloading 0 native plugins for Editor in 0.00 ms.
Unloading 399 Unused Serialized files (Serialized files now loaded: 0)
System memory in use before: 41.4 MB.
System memory in use after: 41.4 MB.

Unloading 10 unused Assets to reduce memory usage. Loaded Objects now: 888.
Total: 1.551800 ms (FindLiveObjects: 0.076400 ms CreateObjectMapping: 0.015200 ms MarkObjects: 1.443600 ms  DeleteObjects: 0.015500 ms)

========================================================================
Received Prepare
Registering precompiled user dll's ...
Registered in 0.015839 seconds.
Begin MonoManager ReloadAssembly
Native extension for WindowsStandalone target not found
Refreshing native plugins compatible for Editor in 0.19 ms, found 1 plugins.
Preloading 0 native plugins for Editor in 0.00 ms.
Invoked RoslynAnalysisRunner static constructor.
RoslynAnalysisRunner will not be running.
RoslynAnalysisRunner has terminated.
Mono: successfully reloaded assembly
- Completed reload, in  1.186 seconds
Platform modules already initialized, skipping
Refreshing native plugins compatible for Editor in 0.27 ms, found 1 plugins.
Preloading 0 native plugins for Editor in 0.00 ms.
Unloading 399 Unused Serialized files (Serialized files now loaded: 0)
System memory in use before: 41.4 MB.
System memory in use after: 41.4 MB.

Unloading 10 unused Assets to reduce memory usage. Loaded Objects now: 888.
Total: 1.895000 ms (FindLiveObjects: 0.077400 ms CreateObjectMapping: 0.013600 ms MarkObjects: 1.788000 ms  DeleteObjects: 0.014800 ms)

========================================================================
Received Prepare
Registering precompiled user dll's ...
Registered in 0.031359 seconds.
Begin MonoManager ReloadAssembly
Native extension for WindowsStandalone target not found
Refreshing native plugins compatible for Editor in 0.19 ms, found 1 plugins.
Preloading 0 native plugins for Editor in 0.00 ms.
Invoked RoslynAnalysisRunner static constructor.
RoslynAnalysisRunner will not be running.
RoslynAnalysisRunner has terminated.
Mono: successfully reloaded assembly
- Completed reload, in  1.493 seconds
Platform modules already initialized, skipping
Refreshing native plugins compatible for Editor in 0.26 ms, found 1 plugins.
Preloading 0 native plugins for Editor in 0.00 ms.
Unloading 399 Unused Serialized files (Serialized files now loaded: 0)
System memory in use before: 41.4 MB.
System memory in use after: 41.4 MB.

Unloading 10 unused Assets to reduce memory usage. Loaded Objects now: 888.
Total: 1.946700 ms (FindLiveObjects: 0.135800 ms CreateObjectMapping: 0.021700 ms MarkObjects: 1.766300 ms  DeleteObjects: 0.021100 ms)

========================================================================
Received Prepare
Registering precompiled user dll's ...
Registered in 0.014756 seconds.
Begin MonoManager ReloadAssembly
Native extension for WindowsStandalone target not found
Refreshing native plugins compatible for Editor in 0.21 ms, found 1 plugins.
Preloading 0 native plugins for Editor in 0.00 ms.
Invoked RoslynAnalysisRunner static constructor.
RoslynAnalysisRunner will not be running.
RoslynAnalysisRunner has terminated.
Mono: successfully reloaded assembly
- Completed reload, in  1.242 seconds
Platform modules already initialized, skipping
Refreshing native plugins compatible for Editor in 0.18 ms, found 1 plugins.
Preloading 0 native plugins for Editor in 0.00 ms.
Unloading 399 Unused Serialized files (Serialized files now loaded: 0)
System memory in use before: 41.4 MB.
System memory in use after: 41.4 MB.

Unloading 10 unused Assets to reduce memory usage. Loaded Objects now: 888.
Total: 1.722300 ms (FindLiveObjects: 0.078000 ms CreateObjectMapping: 0.013500 ms MarkObjects: 1.612900 ms  DeleteObjects: 0.016800 ms)

========================================================================
Received Prepare
Registering precompiled user dll's ...
Registered in 0.016168 seconds.
Begin MonoManager ReloadAssembly
Native extension for WindowsStandalone target not found
Refreshing native plugins compatible for Editor in 0.18 ms, found 1 plugins.
Preloading 0 native plugins for Editor in 0.00 ms.
Invoked RoslynAnalysisRunner static constructor.
RoslynAnalysisRunner will not be running.
RoslynAnalysisRunner has terminated.
Mono: successfully reloaded assembly
- Completed reload, in  1.332 seconds
Platform modules already initialized, skipping
Refreshing native plugins compatible for Editor in 0.18 ms, found 1 plugins.
Preloading 0 native plugins for Editor in 0.00 ms.
Unloading 399 Unused Serialized files (Serialized files now loaded: 0)
System memory in use before: 41.4 MB.
System memory in use after: 41.4 MB.

Unloading 10 unused Assets to reduce memory usage. Loaded Objects now: 888.
Total: 1.371200 ms (FindLiveObjects: 0.073100 ms CreateObjectMapping: 0.013800 ms MarkObjects: 1.270000 ms  DeleteObjects: 0.013300 ms)

========================================================================
Received Prepare
Registering precompiled user dll's ...
Registered in 0.020238 seconds.
Begin MonoManager ReloadAssembly
Native extension for WindowsStandalone target not found
Refreshing native plugins compatible for Editor in 0.20 ms, found 1 plugins.
Preloading 0 native plugins for Editor in 0.00 ms.
Invoked RoslynAnalysisRunner static constructor.
RoslynAnalysisRunner will not be running.
RoslynAnalysisRunner has terminated.
Mono: successfully reloaded assembly
- Completed reload, in  1.109 seconds
Platform modules already initialized, skipping
Refreshing native plugins compatible for Editor in 0.20 ms, found 1 plugins.
Preloading 0 native plugins for Editor in 0.00 ms.
Unloading 399 Unused Serialized files (Serialized files now loaded: 0)
System memory in use before: 41.4 MB.
System memory in use after: 41.4 MB.

Unloading 10 unused Assets to reduce memory usage. Loaded Objects now: 888.
Total: 5.494100 ms (FindLiveObjects: 0.183700 ms CreateObjectMapping: 0.037900 ms MarkObjects: 5.241400 ms  DeleteObjects: 0.029000 ms)

========================================================================
Received Prepare
Registering precompiled user dll's ...
Registered in 0.018544 seconds.
Begin MonoManager ReloadAssembly
Native extension for WindowsStandalone target not found
Refreshing native plugins compatible for Editor in 0.18 ms, found 1 plugins.
Preloading 0 native plugins for Editor in 0.00 ms.
Invoked RoslynAnalysisRunner static constructor.
RoslynAnalysisRunner will not be running.
RoslynAnalysisRunner has terminated.
Mono: successfully reloaded assembly
- Completed reload, in  1.236 seconds
Platform modules already initialized, skipping
Refreshing native plugins compatible for Editor in 0.18 ms, found 1 plugins.
Preloading 0 native plugins for Editor in 0.00 ms.
Unloading 399 Unused Serialized files (Serialized files now loaded: 0)
System memory in use before: 41.4 MB.
System memory in use after: 41.5 MB.

Unloading 10 unused Assets to reduce memory usage. Loaded Objects now: 888.
Total: 1.495000 ms (FindLiveObjects: 0.079200 ms CreateObjectMapping: 0.014500 ms MarkObjects: 1.375000 ms  DeleteObjects: 0.025300 ms)

========================================================================
Received Prepare
Registering precompiled user dll's ...
Registered in 0.016351 seconds.
Begin MonoManager ReloadAssembly
Native extension for WindowsStandalone target not found
Refreshing native plugins compatible for Editor in 0.18 ms, found 1 plugins.
Preloading 0 native plugins for Editor in 0.00 ms.
Invoked RoslynAnalysisRunner static constructor.
RoslynAnalysisRunner will not be running.
RoslynAnalysisRunner has terminated.
Mono: successfully reloaded assembly
- Completed reload, in  1.030 seconds
Platform modules already initialized, skipping
Refreshing native plugins compatible for Editor in 0.20 ms, found 1 plugins.
Preloading 0 native plugins for Editor in 0.00 ms.
Unloading 399 Unused Serialized files (Serialized files now loaded: 0)
System memory in use before: 41.4 MB.
System memory in use after: 41.4 MB.

Unloading 10 unused Assets to reduce memory usage. Loaded Objects now: 888.
Total: 1.449200 ms (FindLiveObjects: 0.084500 ms CreateObjectMapping: 0.015600 ms MarkObjects: 1.331900 ms  DeleteObjects: 0.015900 ms)

========================================================================
Received Prepare
Registering precompiled user dll's ...
Registered in 0.078177 seconds.
Begin MonoManager ReloadAssembly
Native extension for WindowsStandalone target not found
Refreshing native plugins compatible for Editor in 0.18 ms, found 1 plugins.
Preloading 0 native plugins for Editor in 0.00 ms.
Invoked RoslynAnalysisRunner static constructor.
RoslynAnalysisRunner will not be running.
RoslynAnalysisRunner has terminated.
Mono: successfully reloaded assembly
- Completed reload, in  1.019 seconds
Platform modules already initialized, skipping
Refreshing native plugins compatible for Editor in 0.19 ms, found 1 plugins.
Preloading 0 native plugins for Editor in 0.00 ms.
Unloading 399 Unused Serialized files (Serialized files now loaded: 0)
System memory in use before: 41.4 MB.
System memory in use after: 41.4 MB.

Unloading 10 unused Assets to reduce memory usage. Loaded Objects now: 888.
Total: 1.407200 ms (FindLiveObjects: 0.076100 ms CreateObjectMapping: 0.014500 ms MarkObjects: 1.300400 ms  DeleteObjects: 0.015300 ms)

========================================================================
Received Prepare
Registering precompiled user dll's ...
Registered in 0.016537 seconds.
Begin MonoManager ReloadAssembly
Native extension for WindowsStandalone target not found
Refreshing native plugins compatible for Editor in 0.19 ms, found 1 plugins.
Preloading 0 native plugins for Editor in 0.00 ms.
Invoked RoslynAnalysisRunner static constructor.
RoslynAnalysisRunner will not be running.
RoslynAnalysisRunner has terminated.
Mono: successfully reloaded assembly
- Completed reload, in  1.229 seconds
Platform modules already initialized, skipping
Refreshing native plugins compatible for Editor in 0.20 ms, found 1 plugins.
Preloading 0 native plugins for Editor in 0.00 ms.
Unloading 399 Unused Serialized files (Serialized files now loaded: 0)
System memory in use before: 41.4 MB.
System memory in use after: 41.5 MB.

Unloading 10 unused Assets to reduce memory usage. Loaded Objects now: 888.
Total: 2.047200 ms (FindLiveObjects: 0.087300 ms CreateObjectMapping: 0.015700 ms MarkObjects: 1.925100 ms  DeleteObjects: 0.017600 ms)

========================================================================
Received Prepare
Registering precompiled user dll's ...
Registered in 0.016264 seconds.
Begin MonoManager ReloadAssembly
Native extension for WindowsStandalone target not found
Refreshing native plugins compatible for Editor in 0.18 ms, found 1 plugins.
Preloading 0 native plugins for Editor in 0.00 ms.
Invoked RoslynAnalysisRunner static constructor.
RoslynAnalysisRunner will not be running.
RoslynAnalysisRunner has terminated.
Mono: successfully reloaded assembly
- Completed reload, in  1.205 seconds
Platform modules already initialized, skipping
Refreshing native plugins compatible for Editor in 0.18 ms, found 1 plugins.
Preloading 0 native plugins for Editor in 0.00 ms.
Unloading 399 Unused Serialized files (Serialized files now loaded: 0)
System memory in use before: 41.4 MB.
System memory in use after: 41.4 MB.

Unloading 10 unused Assets to reduce memory usage. Loaded Objects now: 888.
Total: 1.604400 ms (FindLiveObjects: 0.075500 ms CreateObjectMapping: 0.015100 ms MarkObjects: 1.497200 ms  DeleteObjects: 0.015600 ms)

========================================================================
Received Prepare
Registering precompiled user dll's ...
Registered in 0.014398 seconds.
Begin MonoManager ReloadAssembly
Native extension for WindowsStandalone target not found
Refreshing native plugins compatible for Editor in 0.18 ms, found 1 plugins.
Preloading 0 native plugins for Editor in 0.00 ms.
Invoked RoslynAnalysisRunner static constructor.
RoslynAnalysisRunner will not be running.
RoslynAnalysisRunner has terminated.
Mono: successfully reloaded assembly
- Completed reload, in  1.042 seconds
Platform modules already initialized, skipping
Refreshing native plugins compatible for Editor in 0.18 ms, found 1 plugins.
Preloading 0 native plugins for Editor in 0.00 ms.
Unloading 399 Unused Serialized files (Serialized files now loaded: 0)
System memory in use before: 41.4 MB.
System memory in use after: 41.4 MB.

Unloading 10 unused Assets to reduce memory usage. Loaded Objects now: 888.
Total: 1.642100 ms (FindLiveObjects: 0.079200 ms CreateObjectMapping: 0.013800 ms MarkObjects: 1.518700 ms  DeleteObjects: 0.029400 ms)

========================================================================
Received Prepare
Registering precompiled user dll's ...
Registered in 0.013409 seconds.
Begin MonoManager ReloadAssembly
Native extension for WindowsStandalone target not found
Refreshing native plugins compatible for Editor in 0.20 ms, found 1 plugins.
Preloading 0 native plugins for Editor in 0.00 ms.
Invoked RoslynAnalysisRunner static constructor.
RoslynAnalysisRunner will not be running.
RoslynAnalysisRunner has terminated.
Mono: successfully reloaded assembly
- Completed reload, in  1.180 seconds
Platform modules already initialized, skipping
Refreshing native plugins compatible for Editor in 0.18 ms, found 1 plugins.
Preloading 0 native plugins for Editor in 0.00 ms.
Unloading 399 Unused Serialized files (Serialized files now loaded: 0)
System memory in use before: 41.4 MB.
System memory in use after: 41.5 MB.

Unloading 10 unused Assets to reduce memory usage. Loaded Objects now: 888.
Total: 1.813300 ms (FindLiveObjects: 0.081800 ms CreateObjectMapping: 0.013300 ms MarkObjects: 1.699300 ms  DeleteObjects: 0.017800 ms)

========================================================================
Received Import Request.
  Time since last request: 11675.640539 seconds.
  path: Assets/Scripte/ButtonsScripte.cs
  artifactKey: Guid(b366840f50e8f9a4a8b80fa8ee17656d) Importer(815301076,1909f56bfc062723c751e8b465ee728b)
Start importing Assets/Scripte/ButtonsScripte.cs using Guid(b366840f50e8f9a4a8b80fa8ee17656d) Importer(815301076,1909f56bfc062723c751e8b465ee728b)  -> (artifact id: '5fb802b8921a7bdaeb6ef461b5d544c2') in 0.025774 seconds
  Import took 0.028147 seconds .

========================================================================
Received Prepare
Registering precompiled user dll's ...
Registered in 0.013458 seconds.
Begin MonoManager ReloadAssembly
Native extension for WindowsStandalone target not found
Refreshing native plugins compatible for Editor in 0.18 ms, found 1 plugins.
Preloading 0 native plugins for Editor in 0.00 ms.
Invoked RoslynAnalysisRunner static constructor.
RoslynAnalysisRunner will not be running.
RoslynAnalysisRunner has terminated.
Mono: successfully reloaded assembly
- Completed reload, in  1.025 seconds
Platform modules already initialized, skipping
Refreshing native plugins compatible for Editor in 0.18 ms, found 1 plugins.
Preloading 0 native plugins for Editor in 0.00 ms.
Unloading 400 Unused Serialized files (Serialized files now loaded: 0)
System memory in use before: 41.4 MB.
System memory in use after: 41.5 MB.

Unloading 10 unused Assets to reduce memory usage. Loaded Objects now: 889.
Total: 1.486400 ms (FindLiveObjects: 0.081400 ms CreateObjectMapping: 0.014900 ms MarkObjects: 1.372900 ms  DeleteObjects: 0.016200 ms)

========================================================================
Received Prepare
Registering precompiled user dll's ...
Registered in 0.018332 seconds.
Begin MonoManager ReloadAssembly
Native extension for WindowsStandalone target not found
Refreshing native plugins compatible for Editor in 0.19 ms, found 1 plugins.
Preloading 0 native plugins for Editor in 0.00 ms.
Invoked RoslynAnalysisRunner static constructor.
RoslynAnalysisRunner will not be running.
RoslynAnalysisRunner has terminated.
Mono: successfully reloaded assembly
- Completed reload, in  1.324 seconds
Platform modules already initialized, skipping
Refreshing native plugins compatible for Editor in 0.18 ms, found 1 plugins.
Preloading 0 native plugins for Editor in 0.00 ms.
Unloading 400 Unused Serialized files (Serialized files now loaded: 0)
System memory in use before: 41.4 MB.
System memory in use after: 41.5 MB.

Unloading 10 unused Assets to reduce memory usage. Loaded Objects now: 889.
Total: 2.909800 ms (FindLiveObjects: 0.173100 ms CreateObjectMapping: 0.037800 ms MarkObjects: 2.674700 ms  DeleteObjects: 0.022000 ms)

========================================================================
Received Prepare
Registering precompiled user dll's ...
Registered in 0.020893 seconds.
Begin MonoManager ReloadAssembly
Native extension for WindowsStandalone target not found
Refreshing native plugins compatible for Editor in 0.18 ms, found 1 plugins.
Preloading 0 native plugins for Editor in 0.00 ms.
Invoked RoslynAnalysisRunner static constructor.
RoslynAnalysisRunner will not be running.
RoslynAnalysisRunner has terminated.
Mono: successfully reloaded assembly
- Completed reload, in  1.292 seconds
Platform modules already initialized, skipping
Refreshing native plugins compatible for Editor in 0.18 ms, found 1 plugins.
Preloading 0 native plugins for Editor in 0.00 ms.
Unloading 400 Unused Serialized files (Serialized files now loaded: 0)
System memory in use before: 41.5 MB.
System memory in use after: 41.5 MB.

Unloading 10 unused Assets to reduce memory usage. Loaded Objects now: 889.
Total: 1.383100 ms (FindLiveObjects: 0.080900 ms CreateObjectMapping: 0.014800 ms MarkObjects: 1.269600 ms  DeleteObjects: 0.016700 ms)

========================================================================
Received Prepare
Registering precompiled user dll's ...
Registered in 0.032052 seconds.
Begin MonoManager ReloadAssembly
Native extension for WindowsStandalone target not found
Refreshing native plugins compatible for Editor in 0.32 ms, found 1 plugins.
Preloading 0 native plugins for Editor in 0.00 ms.
Invoked RoslynAnalysisRunner static constructor.
RoslynAnalysisRunner will not be running.
RoslynAnalysisRunner has terminated.
Mono: successfully reloaded assembly
- Completed reload, in  2.015 seconds
Platform modules already initialized, skipping
Refreshing native plugins compatible for Editor in 0.20 ms, found 1 plugins.
Preloading 0 native plugins for Editor in 0.00 ms.
Unloading 400 Unused Serialized files (Serialized files now loaded: 0)
System memory in use before: 41.4 MB.
System memory in use after: 41.5 MB.

Unloading 10 unused Assets to reduce memory usage. Loaded Objects now: 889.
Total: 1.588500 ms (FindLiveObjects: 0.100600 ms CreateObjectMapping: 0.018600 ms MarkObjects: 1.449800 ms  DeleteObjects: 0.018100 ms)

AssetImportWorkerClient::OnTransportError - code=2 error=End of file
