Using pre-set license
Built from '2020.3/release' branch; Version is '2020.3.1f1 (77a89f25062f) revision 7841951'; Using compiler version '192528614'; Build Type 'Release'
OS: 'Windows 10 Enterprise; OS build 18363.1556; Version 1909; 64bit' Language: 'fr' Physical Memory: 7843 MB
BatchMode: 1, IsHumanControllingUs: 0, StartBugReporterOnCrash: 0, Is64bit: 1, IsPro: 0

 COMMAND LINE ARGUMENTS:
C:\Program Files\Unity\Editor\Unity.exe
-adb2
-batchMode
-noUpm
-name
AssetImportWorker0
-projectPath
C:/Users/zmiloudi/Desktop/Projet_Gamification/Projet Brackeys
-logFile
Logs/AssetImportWorker0.log
-srvPort
61985
Successfully changed project path to: C:/Users/zmiloudi/Desktop/Projet_Gamification/Projet Brackeys
C:/Users/zmiloudi/Desktop/Projet_Gamification/Projet Brackeys
Using Asset Import Pipeline V2.
Refreshing native plugins compatible for Editor in 73.16 ms, found 0 plugins.
Preloading 0 native plugins for Editor in 0.00 ms.
Initialize engine version: 2020.3.1f1 (77a89f25062f)
[Subsystems] Discovering subsystems at path C:/Program Files/Unity/Editor/Data/Resources/UnitySubsystems
[Subsystems] Discovering subsystems at path C:/Users/zmiloudi/Desktop/Projet_Gamification/Projet Brackeys/Assets
GfxDevice: creating device client; threaded=0
Direct3D:
    Version:  Direct3D 11.0 [level 11.1]
    Renderer: Intel(R) HD Graphics 630 (ID=0x5912)
    Vendor:   
    VRAM:     3921 MB
    Driver:   25.20.100.6615
Initialize mono
Mono path[0] = 'C:/Program Files/Unity/Editor/Data/Managed'
Mono path[1] = 'C:/Program Files/Unity/Editor/Data/MonoBleedingEdge/lib/mono/unityjit'
Mono config path = 'C:/Program Files/Unity/Editor/Data/MonoBleedingEdge/etc'
Using monoOptions --debugger-agent=transport=dt_socket,embedding=1,server=y,suspend=n,address=127.0.0.1:56772
Begin MonoManager ReloadAssembly
Registering precompiled unity dll's ...
Register platform support module: C:/Program Files/Unity/Editor/Data/PlaybackEngines/WindowsStandaloneSupport/UnityEditor.WindowsStandalone.Extensions.dll
Registered in 0.004389 seconds.
Native extension for WindowsStandalone target not found
Refreshing native plugins compatible for Editor in 47.91 ms, found 0 plugins.
Preloading 0 native plugins for Editor in 0.00 ms.
Invoked RoslynAnalysisRunner static constructor.
RoslynAnalysisRunner will not be running.
RoslynAnalysisRunner has terminated.
Mono: successfully reloaded assembly
- Completed reload, in  2.413 seconds
Platform modules already initialized, skipping
Registering precompiled user dll's ...
Registered in 0.009944 seconds.
Begin MonoManager ReloadAssembly
Native extension for WindowsStandalone target not found
Refreshing native plugins compatible for Editor in 0.40 ms, found 0 plugins.
Preloading 0 native plugins for Editor in 0.00 ms.
Invoked RoslynAnalysisRunner static constructor.
RoslynAnalysisRunner will not be running.
RoslynAnalysisRunner has terminated.
Mono: successfully reloaded assembly
- Completed reload, in  1.353 seconds
Platform modules already initialized, skipping
========================================================================
Worker process is ready to serve import requests
Launched and connected shader compiler UnityShaderCompiler.exe after 0.13 seconds
Refreshing native plugins compatible for Editor in 0.50 ms, found 0 plugins.
Preloading 0 native plugins for Editor in 0.00 ms.
Unloading 1418 Unused Serialized files (Serialized files now loaded: 0)
System memory in use before: 65.0 MB.
System memory in use after: 65.1 MB.

Unloading 33 unused Assets to reduce memory usage. Loaded Objects now: 1849.
Total: 1.961600 ms (FindLiveObjects: 0.146000 ms CreateObjectMapping: 0.048400 ms MarkObjects: 1.687300 ms  DeleteObjects: 0.079100 ms)

========================================================================
Received Import Request.
  path: Assets/OBJ/taxi.FBX
  artifactKey: Guid(e6073075f8122804d99e3a7632e9603e) Importer(815301076,1909f56bfc062723c751e8b465ee728b)
Start importing Assets/OBJ/taxi.FBX using Guid(e6073075f8122804d99e3a7632e9603e) Importer(815301076,1909f56bfc062723c751e8b465ee728b)  -> (artifact id: '45875c1e3c627484e400babc57661db9') in 0.382206 seconds
  Import took 0.384773 seconds .

========================================================================
Received Import Request.
  Time since last request: 0.000246 seconds.
  path: Assets/OBJ/bus_setia_negara_texturizer.fbx
  artifactKey: Guid(ddd653630a34b2d46a16aeef10c5578c) Importer(815301076,1909f56bfc062723c751e8b465ee728b)
Start importing Assets/OBJ/bus_setia_negara_texturizer.fbx using Guid(ddd653630a34b2d46a16aeef10c5578c) Importer(815301076,1909f56bfc062723c751e8b465ee728b)  -> (artifact id: '099d13aa9177bbfc76b2b40be3675d63') in 0.246137 seconds
  Import took 0.248549 seconds .

========================================================================
Received Import Request.
  Time since last request: 0.000228 seconds.
  path: Assets/OBJ/road.png
  artifactKey: Guid(d529e21d0daed91499814333eed01f01) Importer(815301076,1909f56bfc062723c751e8b465ee728b)
Start importing Assets/OBJ/road.png using Guid(d529e21d0daed91499814333eed01f01) Importer(815301076,1909f56bfc062723c751e8b465ee728b)  -> (artifact id: '8cc99cf54762a838798514a625f199df') in 0.116015 seconds
  Import took 0.118298 seconds .

========================================================================
Received Import Request.
  Time since last request: 0.000264 seconds.
  path: Assets/OBJ/stationBus.fbx
  artifactKey: Guid(fa59ec791fa51cc4fa282d58c8cd0b01) Importer(815301076,1909f56bfc062723c751e8b465ee728b)
Start importing Assets/OBJ/stationBus.fbx using Guid(fa59ec791fa51cc4fa282d58c8cd0b01) Importer(815301076,1909f56bfc062723c751e8b465ee728b)  -> (artifact id: 'bbf0f410c605eb41bc26bf103be4fd6c') in 0.248911 seconds
  Import took 0.251821 seconds .

========================================================================
Received Import Request.
  Time since last request: 0.000201 seconds.
  path: Assets/OBJ/StreetLamp.obj
  artifactKey: Guid(267b8b00cd9926743850c6f70587783e) Importer(815301076,1909f56bfc062723c751e8b465ee728b)
Start importing Assets/OBJ/StreetLamp.obj using Guid(267b8b00cd9926743850c6f70587783e) Importer(815301076,1909f56bfc062723c751e8b465ee728b)  -> (artifact id: 'e916f21796cc5fa90ba2ace1d17a1fcc') in 0.179483 seconds
  Import took 0.181997 seconds .

========================================================================
Received Import Request.
  Time since last request: 0.000179 seconds.
  path: Assets/OBJ/Lowpoly_tree_sample.fbx
  artifactKey: Guid(4d43695a46e3e3f46a87c8871ed88197) Importer(815301076,1909f56bfc062723c751e8b465ee728b)
Start importing Assets/OBJ/Lowpoly_tree_sample.fbx using Guid(4d43695a46e3e3f46a87c8871ed88197) Importer(815301076,1909f56bfc062723c751e8b465ee728b)  -> (artifact id: 'c3fc9b1e949db546a5b5bfe90eacb093') in 0.070773 seconds
  Import took 0.073539 seconds .

========================================================================
Received Import Request.
  Time since last request: 0.000200 seconds.
  path: Assets/OBJ/Materials
  artifactKey: Guid(5ab5545a1e9e2fe4fbf0f9f80524e863) Importer(815301076,1909f56bfc062723c751e8b465ee728b)
Start importing Assets/OBJ/Materials using Guid(5ab5545a1e9e2fe4fbf0f9f80524e863) Importer(815301076,1909f56bfc062723c751e8b465ee728b)  -> (artifact id: '6ed13720b4a439fb4c102f8ded089d1b') in 0.020138 seconds
  Import took 0.023136 seconds .

========================================================================
Received Import Request.
  Time since last request: 0.000056 seconds.
  path: Assets/OBJ/Road+texture.png1427aa90-28a6-4f71-99ee-8726a0dca2e5Large.jpg
  artifactKey: Guid(8ececb76d17023443900d3a2431e18af) Importer(815301076,1909f56bfc062723c751e8b465ee728b)
Start importing Assets/OBJ/Road+texture.png1427aa90-28a6-4f71-99ee-8726a0dca2e5Large.jpg using Guid(8ececb76d17023443900d3a2431e18af) Importer(815301076,1909f56bfc062723c751e8b465ee728b)  -> (artifact id: 'ae129387edaca7c3397fe2a012b0b3d3') in 0.057224 seconds
  Import took 0.062020 seconds .

========================================================================
Received Import Request.
  Time since last request: 0.000223 seconds.
  path: Assets/OBJ/Diamond.FBX
  artifactKey: Guid(63e3036a0842b694eae482bdd6de4e4a) Importer(815301076,1909f56bfc062723c751e8b465ee728b)
Start importing Assets/OBJ/Diamond.FBX using Guid(63e3036a0842b694eae482bdd6de4e4a) Importer(815301076,1909f56bfc062723c751e8b465ee728b)  -> (artifact id: '896a1d4d964d145fd7091c6f6ad32a15') in 0.050201 seconds
  Import took 0.052795 seconds .

========================================================================
Received Import Request.
  Time since last request: 0.000172 seconds.
  path: Assets/OBJ/42115951-seamless-road-texture-with-markup-straight-stretch-of-road- 1.jpg
  artifactKey: Guid(cab3b35fd64266d44aa3b80354a16507) Importer(815301076,1909f56bfc062723c751e8b465ee728b)
Start importing Assets/OBJ/42115951-seamless-road-texture-with-markup-straight-stretch-of-road- 1.jpg using Guid(cab3b35fd64266d44aa3b80354a16507) Importer(815301076,1909f56bfc062723c751e8b465ee728b)  -> (artifact id: 'b6d13bce95851bf613184a3364659142') in 0.037323 seconds
  Import took 0.039742 seconds .

========================================================================
Received Import Request.
  Time since last request: 186.287190 seconds.
  path: Assets/Scripte
  artifactKey: Guid(84dd2f8b38211ec4f8508ad04a49fd07) Importer(815301076,1909f56bfc062723c751e8b465ee728b)
Start importing Assets/Scripte using Guid(84dd2f8b38211ec4f8508ad04a49fd07) Importer(815301076,1909f56bfc062723c751e8b465ee728b)  -> (artifact id: '864c42416a89d97b7ab5403e95bdd587') in 0.028469 seconds
  Import took 0.034140 seconds .

========================================================================
Received Import Request.
  Time since last request: 18.663123 seconds.
  path: Assets/Scripte/carsMouvement.cs
  artifactKey: Guid(52ddb472f32a1ef429d05400ff9776c8) Importer(815301076,1909f56bfc062723c751e8b465ee728b)
Start importing Assets/Scripte/carsMouvement.cs using Guid(52ddb472f32a1ef429d05400ff9776c8) Importer(815301076,1909f56bfc062723c751e8b465ee728b)  -> (artifact id: '38559cb97ab587643a1622c015d3eed8') in 0.019621 seconds
  Import took 0.022476 seconds .

========================================================================
Received Import Request.
  Time since last request: 0.000639 seconds.
  path: Assets/Scripte/carsMouvement.cs
  artifactKey: Guid(52ddb472f32a1ef429d05400ff9776c8) Importer(815301076,1909f56bfc062723c751e8b465ee728b)
Start importing Assets/Scripte/carsMouvement.cs using Guid(52ddb472f32a1ef429d05400ff9776c8) Importer(815301076,1909f56bfc062723c751e8b465ee728b)  -> (artifact id: '38559cb97ab587643a1622c015d3eed8') in 0.015386 seconds
  Import took 0.018132 seconds .

========================================================================
Received Import Request.
  Time since last request: 2.666963 seconds.
  path: Assets/Scripte/FlowPlayer.cs
  artifactKey: Guid(a892bbdba11805c40b5e92f0a95ad529) Importer(815301076,1909f56bfc062723c751e8b465ee728b)
Start importing Assets/Scripte/FlowPlayer.cs using Guid(a892bbdba11805c40b5e92f0a95ad529) Importer(815301076,1909f56bfc062723c751e8b465ee728b)  -> (artifact id: 'ebf9cb47a575c473fca1ea1f91bd57d2') in 0.018184 seconds
  Import took 0.021097 seconds .

========================================================================
Received Import Request.
  Time since last request: 6.904096 seconds.
  path: Assets/carsMouvement.cs
  artifactKey: Guid(d6345043d4df4504e82e358f2b1b95c4) Importer(815301076,1909f56bfc062723c751e8b465ee728b)
Start importing Assets/carsMouvement.cs using Guid(d6345043d4df4504e82e358f2b1b95c4) Importer(815301076,1909f56bfc062723c751e8b465ee728b)  -> (artifact id: '642311b6e5dba2cbda89d5fdd7839e69') in 0.022647 seconds
  Import took 0.025982 seconds .

========================================================================
Received Prepare
Registering precompiled user dll's ...
Registered in 0.012372 seconds.
Begin MonoManager ReloadAssembly
Native extension for WindowsStandalone target not found
Refreshing native plugins compatible for Editor in 0.41 ms, found 0 plugins.
Preloading 0 native plugins for Editor in 0.00 ms.
Invoked RoslynAnalysisRunner static constructor.
RoslynAnalysisRunner will not be running.
RoslynAnalysisRunner has terminated.
Mono: successfully reloaded assembly
- Completed reload, in  1.280 seconds
Platform modules already initialized, skipping
Refreshing native plugins compatible for Editor in 0.43 ms, found 0 plugins.
Preloading 0 native plugins for Editor in 0.00 ms.
Unloading 1411 Unused Serialized files (Serialized files now loaded: 0)
System memory in use before: 68.5 MB.
System memory in use after: 68.6 MB.

Unloading 24 unused Assets to reduce memory usage. Loaded Objects now: 1897.
Total: 1.902300 ms (FindLiveObjects: 0.156600 ms CreateObjectMapping: 0.050200 ms MarkObjects: 1.674400 ms  DeleteObjects: 0.020300 ms)

========================================================================
Received Import Request.
  Time since last request: 61.541734 seconds.
  path: Assets/Assets/bus.prefab
  artifactKey: Guid(5829b6d2b66834342bdb7d601db07b2f) Importer(815301076,1909f56bfc062723c751e8b465ee728b)
Start importing Assets/Assets/bus.prefab using Guid(5829b6d2b66834342bdb7d601db07b2f) Importer(815301076,1909f56bfc062723c751e8b465ee728b)  -> (artifact id: 'b8b09609b604d5a2d7509b960f721b32') in 0.076689 seconds
  Import took 0.080074 seconds .

========================================================================
Received Import Request.
  Time since last request: 0.000289 seconds.
  path: Assets/Assets/taxi.prefab
  artifactKey: Guid(0834a1e5e2758194ab81ed3192e55c08) Importer(815301076,1909f56bfc062723c751e8b465ee728b)
Start importing Assets/Assets/taxi.prefab using Guid(0834a1e5e2758194ab81ed3192e55c08) Importer(815301076,1909f56bfc062723c751e8b465ee728b)  -> (artifact id: '61e2cc2016b737de07562d135ab986f6') in 0.041196 seconds
  Import took 0.043592 seconds .

========================================================================
Received Prepare
Registering precompiled user dll's ...
Registered in 0.013489 seconds.
Begin MonoManager ReloadAssembly
Native extension for WindowsStandalone target not found
Refreshing native plugins compatible for Editor in 0.41 ms, found 0 plugins.
Preloading 0 native plugins for Editor in 0.00 ms.
Invoked RoslynAnalysisRunner static constructor.
RoslynAnalysisRunner will not be running.
RoslynAnalysisRunner has terminated.
Mono: successfully reloaded assembly
- Completed reload, in  1.229 seconds
Platform modules already initialized, skipping
Refreshing native plugins compatible for Editor in 0.41 ms, found 0 plugins.
Preloading 0 native plugins for Editor in 0.00 ms.
Unloading 1411 Unused Serialized files (Serialized files now loaded: 0)
System memory in use before: 68.5 MB.
System memory in use after: 68.6 MB.

Unloading 24 unused Assets to reduce memory usage. Loaded Objects now: 1901.
Total: 1.770600 ms (FindLiveObjects: 0.149000 ms CreateObjectMapping: 0.047800 ms MarkObjects: 1.553600 ms  DeleteObjects: 0.019200 ms)

